10:35:54.261 [main] INFO  com.example.demo.DemoApplication - Starting DemoApplication on RILTP-7362 with PID 8744 (C:\Users\skurve\git\SpringBoot-JPA-Demo\demo\target\classes started by skurve in C:\Users\skurve\git\SpringBoot-JPA-Demo\demo)
10:35:54.266 [main] DEBUG com.example.demo.DemoApplication - Running with Spring Boot v2.2.6.RELEASE, Spring v5.2.5.RELEASE
10:35:54.268 [main] INFO  com.example.demo.DemoApplication - No active profile set, falling back to default profiles: default
10:35:55.748 [main] INFO  o.s.d.r.c.RepositoryConfigurationDelegate - Bootstrapping Spring Data JPA repositories in DEFAULT mode.
10:35:55.955 [main] INFO  o.s.d.r.c.RepositoryConfigurationDelegate - Finished Spring Data repository scanning in 189ms. Found 4 JPA repository interfaces.
10:35:57.552 [main] INFO  o.s.b.w.e.tomcat.TomcatWebServer - Tomcat initialized with port(s): 8080 (http)
10:35:57.564 [main] INFO  o.a.coyote.http11.Http11NioProtocol - Initializing ProtocolHandler ["http-nio-8080"]
10:35:57.565 [main] INFO  o.a.catalina.core.StandardService - Starting service [Tomcat]
10:35:57.566 [main] INFO  o.a.catalina.core.StandardEngine - Starting Servlet engine: [Apache Tomcat/9.0.33]
10:35:57.782 [main] INFO  o.a.c.c.C.[Tomcat].[localhost].[/] - Initializing Spring embedded WebApplicationContext
10:35:57.783 [main] DEBUG o.s.web.context.ContextLoader - Published root WebApplicationContext as ServletContext attribute with name [org.springframework.web.context.WebApplicationContext.ROOT]
10:35:57.784 [main] INFO  o.s.web.context.ContextLoader - Root WebApplicationContext: initialization completed in 3412 ms
10:35:57.836 [main] DEBUG o.s.b.w.s.ServletContextInitializerBeans - Mapping filters: springSecurityFilterChain urls=[/*] order=-100, characterEncodingFilter urls=[/*] order=-2147483648, formContentFilter urls=[/*] order=-9900, requestContextFilter urls=[/*] order=-105
10:35:57.837 [main] DEBUG o.s.b.w.s.ServletContextInitializerBeans - Mapping servlets: dispatcherServlet urls=[/]
10:35:58.337 [main] INFO  org.hibernate.Version - HHH000412: Hibernate ORM core version 5.4.12.Final
10:35:58.694 [main] INFO  o.h.annotations.common.Version - HCANN000001: Hibernate Commons Annotations {5.1.0.Final}
10:35:59.132 [main] WARN  o.h.e.j.e.i.JdbcEnvironmentInitiator - HHH000342: Could not obtain connection to query metadata : FATAL: password authentication failed for user "postgres"
10:35:59.159 [main] INFO  org.hibernate.dialect.Dialect - HHH000400: Using dialect: org.hibernate.dialect.PostgreSQLDialect
10:36:00.367 [main] WARN  o.h.e.jdbc.spi.SqlExceptionHelper - SQL Error: 0, SQLState: 28P01
10:36:00.368 [main] ERROR o.h.e.jdbc.spi.SqlExceptionHelper - FATAL: password authentication failed for user "postgres"
10:36:00.378 [main] WARN  o.s.b.w.s.c.AnnotationConfigServletWebServerApplicationContext - Exception encountered during context initialization - cancelling refresh attempt: org.springframework.beans.factory.UnsatisfiedDependencyException: Error creating bean with name 'baseDao': Unsatisfied dependency expressed through field 'sessionFactory'; nested exception is org.springframework.beans.factory.BeanCreationException: Error creating bean with name 'entityManagerFactory' defined in class path resource [com/example/demo/dao/DatasourceConfiguration.class]: Invocation of init method failed; nested exception is org.hibernate.exception.GenericJDBCException: Unable to open JDBC Connection for DDL execution
10:36:00.382 [main] INFO  o.a.catalina.core.StandardService - Stopping service [Tomcat]
10:36:00.406 [main] INFO  o.s.b.a.l.ConditionEvaluationReportLoggingListener - 

Error starting ApplicationContext. To display the conditions report re-run your application with 'debug' enabled.
10:36:00.416 [main] ERROR o.s.boot.SpringApplication - Application run failed
org.springframework.beans.factory.UnsatisfiedDependencyException: Error creating bean with name 'baseDao': Unsatisfied dependency expressed through field 'sessionFactory'; nested exception is org.springframework.beans.factory.BeanCreationException: Error creating bean with name 'entityManagerFactory' defined in class path resource [com/example/demo/dao/DatasourceConfiguration.class]: Invocation of init method failed; nested exception is org.hibernate.exception.GenericJDBCException: Unable to open JDBC Connection for DDL execution
	at org.springframework.beans.factory.annotation.AutowiredAnnotationBeanPostProcessor$AutowiredFieldElement.inject(AutowiredAnnotationBeanPostProcessor.java:643)
	at org.springframework.beans.factory.annotation.InjectionMetadata.inject(InjectionMetadata.java:130)
	at org.springframework.beans.factory.annotation.AutowiredAnnotationBeanPostProcessor.postProcessProperties(AutowiredAnnotationBeanPostProcessor.java:399)
	at org.springframework.beans.factory.support.AbstractAutowireCapableBeanFactory.populateBean(AbstractAutowireCapableBeanFactory.java:1422)
	at org.springframework.beans.factory.support.AbstractAutowireCapableBeanFactory.doCreateBean(AbstractAutowireCapableBeanFactory.java:594)
	at org.springframework.beans.factory.support.AbstractAutowireCapableBeanFactory.createBean(AbstractAutowireCapableBeanFactory.java:517)
	at org.springframework.beans.factory.support.AbstractBeanFactory.lambda$doGetBean$0(AbstractBeanFactory.java:323)
	at org.springframework.beans.factory.support.DefaultSingletonBeanRegistry.getSingleton(DefaultSingletonBeanRegistry.java:222)
	at org.springframework.beans.factory.support.AbstractBeanFactory.doGetBean(AbstractBeanFactory.java:321)
	at org.springframework.beans.factory.support.AbstractBeanFactory.getBean(AbstractBeanFactory.java:202)
	at org.springframework.beans.factory.support.DefaultListableBeanFactory.preInstantiateSingletons(DefaultListableBeanFactory.java:882)
	at org.springframework.context.support.AbstractApplicationContext.finishBeanFactoryInitialization(AbstractApplicationContext.java:878)
	at org.springframework.context.support.AbstractApplicationContext.refresh(AbstractApplicationContext.java:550)
	at org.springframework.boot.web.servlet.context.ServletWebServerApplicationContext.refresh(ServletWebServerApplicationContext.java:141)
	at org.springframework.boot.SpringApplication.refresh(SpringApplication.java:747)
	at org.springframework.boot.SpringApplication.refreshContext(SpringApplication.java:397)
	at org.springframework.boot.SpringApplication.run(SpringApplication.java:315)
	at org.springframework.boot.SpringApplication.run(SpringApplication.java:1226)
	at org.springframework.boot.SpringApplication.run(SpringApplication.java:1215)
	at com.example.demo.DemoApplication.main(DemoApplication.java:13)
Caused by: org.springframework.beans.factory.BeanCreationException: Error creating bean with name 'entityManagerFactory' defined in class path resource [com/example/demo/dao/DatasourceConfiguration.class]: Invocation of init method failed; nested exception is org.hibernate.exception.GenericJDBCException: Unable to open JDBC Connection for DDL execution
	at org.springframework.beans.factory.support.AbstractAutowireCapableBeanFactory.initializeBean(AbstractAutowireCapableBeanFactory.java:1796)
	at org.springframework.beans.factory.support.AbstractAutowireCapableBeanFactory.doCreateBean(AbstractAutowireCapableBeanFactory.java:595)
	at org.springframework.beans.factory.support.AbstractAutowireCapableBeanFactory.createBean(AbstractAutowireCapableBeanFactory.java:517)
	at org.springframework.beans.factory.support.AbstractBeanFactory.lambda$doGetBean$0(AbstractBeanFactory.java:323)
	at org.springframework.beans.factory.support.DefaultSingletonBeanRegistry.getSingleton(DefaultSingletonBeanRegistry.java:222)
	at org.springframework.beans.factory.support.AbstractBeanFactory.doGetBean(AbstractBeanFactory.java:321)
	at org.springframework.beans.factory.support.AbstractBeanFactory.getBean(AbstractBeanFactory.java:202)
	at org.springframework.beans.factory.config.DependencyDescriptor.resolveCandidate(DependencyDescriptor.java:276)
	at org.springframework.beans.factory.support.DefaultListableBeanFactory.doResolveDependency(DefaultListableBeanFactory.java:1290)
	at org.springframework.beans.factory.support.DefaultListableBeanFactory.resolveDependency(DefaultListableBeanFactory.java:1210)
	at org.springframework.beans.factory.annotation.AutowiredAnnotationBeanPostProcessor$AutowiredFieldElement.inject(AutowiredAnnotationBeanPostProcessor.java:640)
	... 19 common frames omitted
Caused by: org.hibernate.exception.GenericJDBCException: Unable to open JDBC Connection for DDL execution
	at org.hibernate.exception.internal.StandardSQLExceptionConverter.convert(StandardSQLExceptionConverter.java:47)
	at org.hibernate.engine.jdbc.spi.SqlExceptionHelper.convert(SqlExceptionHelper.java:113)
	at org.hibernate.engine.jdbc.spi.SqlExceptionHelper.convert(SqlExceptionHelper.java:99)
	at org.hibernate.resource.transaction.backend.jdbc.internal.DdlTransactionIsolatorNonJtaImpl.getIsolatedConnection(DdlTransactionIsolatorNonJtaImpl.java:69)
	at org.hibernate.tool.schema.internal.exec.ImprovedExtractionContextImpl.getJdbcConnection(ImprovedExtractionContextImpl.java:60)
	at org.hibernate.tool.schema.extract.internal.SequenceInformationExtractorLegacyImpl.extractMetadata(SequenceInformationExtractorLegacyImpl.java:40)
	at org.hibernate.tool.schema.extract.internal.DatabaseInformationImpl.initializeSequences(DatabaseInformationImpl.java:65)
	at org.hibernate.tool.schema.extract.internal.DatabaseInformationImpl.<init>(DatabaseInformationImpl.java:59)
	at org.hibernate.tool.schema.internal.Helper.buildDatabaseInformation(Helper.java:155)
	at org.hibernate.tool.schema.internal.AbstractSchemaMigrator.doMigration(AbstractSchemaMigrator.java:96)
	at org.hibernate.tool.schema.spi.SchemaManagementToolCoordinator.performDatabaseAction(SchemaManagementToolCoordinator.java:184)
	at org.hibernate.tool.schema.spi.SchemaManagementToolCoordinator.process(SchemaManagementToolCoordinator.java:73)
	at org.hibernate.internal.SessionFactoryImpl.<init>(SessionFactoryImpl.java:314)
	at org.hibernate.boot.internal.SessionFactoryBuilderImpl.build(SessionFactoryBuilderImpl.java:468)
	at org.hibernate.cfg.Configuration.buildSessionFactory(Configuration.java:708)
	at org.hibernate.cfg.Configuration.buildSessionFactory(Configuration.java:724)
	at org.springframework.orm.hibernate5.LocalSessionFactoryBean.buildSessionFactory(LocalSessionFactoryBean.java:616)
	at org.springframework.orm.hibernate5.LocalSessionFactoryBean.afterPropertiesSet(LocalSessionFactoryBean.java:600)
	at org.springframework.beans.factory.support.AbstractAutowireCapableBeanFactory.invokeInitMethods(AbstractAutowireCapableBeanFactory.java:1855)
	at org.springframework.beans.factory.support.AbstractAutowireCapableBeanFactory.initializeBean(AbstractAutowireCapableBeanFactory.java:1792)
	... 29 common frames omitted
Caused by: org.postgresql.util.PSQLException: FATAL: password authentication failed for user "postgres"
	at org.postgresql.core.v3.ConnectionFactoryImpl.doAuthentication(ConnectionFactoryImpl.java:525)
	at org.postgresql.core.v3.ConnectionFactoryImpl.tryConnect(ConnectionFactoryImpl.java:146)
	at org.postgresql.core.v3.ConnectionFactoryImpl.openConnectionImpl(ConnectionFactoryImpl.java:197)
	at org.postgresql.core.ConnectionFactory.openConnection(ConnectionFactory.java:49)
	at org.postgresql.jdbc.PgConnection.<init>(PgConnection.java:211)
	at org.postgresql.Driver.makeConnection(Driver.java:459)
	at org.postgresql.Driver.connect(Driver.java:261)
	at java.sql.DriverManager.getConnection(DriverManager.java:664)
	at java.sql.DriverManager.getConnection(DriverManager.java:208)
	at org.springframework.jdbc.datasource.DriverManagerDataSource.getConnectionFromDriverManager(DriverManagerDataSource.java:155)
	at org.springframework.jdbc.datasource.DriverManagerDataSource.getConnectionFromDriver(DriverManagerDataSource.java:146)
	at org.springframework.jdbc.datasource.AbstractDriverBasedDataSource.getConnectionFromDriver(AbstractDriverBasedDataSource.java:205)
	at org.springframework.jdbc.datasource.AbstractDriverBasedDataSource.getConnection(AbstractDriverBasedDataSource.java:169)
	at org.hibernate.engine.jdbc.connections.internal.DatasourceConnectionProviderImpl.getConnection(DatasourceConnectionProviderImpl.java:122)
	at org.hibernate.engine.jdbc.env.internal.JdbcEnvironmentInitiator$ConnectionProviderJdbcConnectionAccess.obtainConnection(JdbcEnvironmentInitiator.java:180)
	at org.hibernate.resource.transaction.backend.jdbc.internal.DdlTransactionIsolatorNonJtaImpl.getIsolatedConnection(DdlTransactionIsolatorNonJtaImpl.java:43)
	... 45 common frames omitted
10:38:25.495 [main] INFO  com.example.demo.DemoApplication - Starting DemoApplication on RILTP-7362 with PID 17744 (C:\Users\skurve\git\SpringBoot-JPA-Demo\demo\target\classes started by skurve in C:\Users\skurve\git\SpringBoot-JPA-Demo\demo)
10:38:25.502 [main] DEBUG com.example.demo.DemoApplication - Running with Spring Boot v2.2.6.RELEASE, Spring v5.2.5.RELEASE
10:38:25.504 [main] INFO  com.example.demo.DemoApplication - No active profile set, falling back to default profiles: default
10:38:26.999 [main] INFO  o.s.d.r.c.RepositoryConfigurationDelegate - Bootstrapping Spring Data JPA repositories in DEFAULT mode.
10:38:27.213 [main] INFO  o.s.d.r.c.RepositoryConfigurationDelegate - Finished Spring Data repository scanning in 195ms. Found 4 JPA repository interfaces.
10:38:28.833 [main] INFO  o.s.b.w.e.tomcat.TomcatWebServer - Tomcat initialized with port(s): 8080 (http)
10:38:28.844 [main] INFO  o.a.coyote.http11.Http11NioProtocol - Initializing ProtocolHandler ["http-nio-8080"]
10:38:28.845 [main] INFO  o.a.catalina.core.StandardService - Starting service [Tomcat]
10:38:28.846 [main] INFO  o.a.catalina.core.StandardEngine - Starting Servlet engine: [Apache Tomcat/9.0.33]
10:38:29.045 [main] INFO  o.a.c.c.C.[Tomcat].[localhost].[/] - Initializing Spring embedded WebApplicationContext
10:38:29.046 [main] DEBUG o.s.web.context.ContextLoader - Published root WebApplicationContext as ServletContext attribute with name [org.springframework.web.context.WebApplicationContext.ROOT]
10:38:29.047 [main] INFO  o.s.web.context.ContextLoader - Root WebApplicationContext: initialization completed in 3452 ms
10:38:29.109 [main] DEBUG o.s.b.w.s.ServletContextInitializerBeans - Mapping filters: springSecurityFilterChain urls=[/*] order=-100, characterEncodingFilter urls=[/*] order=-2147483648, formContentFilter urls=[/*] order=-9900, requestContextFilter urls=[/*] order=-105
10:38:29.110 [main] DEBUG o.s.b.w.s.ServletContextInitializerBeans - Mapping servlets: dispatcherServlet urls=[/]
10:38:29.464 [main] INFO  org.hibernate.Version - HHH000412: Hibernate ORM core version 5.4.12.Final
10:38:29.660 [main] INFO  o.h.annotations.common.Version - HCANN000001: Hibernate Commons Annotations {5.1.0.Final}
10:38:30.111 [main] INFO  org.hibernate.dialect.Dialect - HHH000400: Using dialect: org.hibernate.dialect.PostgreSQLDialect
10:38:31.545 [main] INFO  o.h.e.t.j.p.i.JtaPlatformInitiator - HHH000490: Using JtaPlatform implementation: [org.hibernate.engine.transaction.jta.platform.internal.NoJtaPlatform]
10:38:33.935 [main] INFO  o.s.s.c.ThreadPoolTaskExecutor - Initializing ExecutorService 'applicationTaskExecutor'
10:38:33.979 [main] DEBUG o.s.w.s.m.m.a.RequestMappingHandlerAdapter - ControllerAdvice beans: 0 @ModelAttribute, 0 @InitBinder, 1 RequestBodyAdvice, 1 ResponseBodyAdvice
10:38:34.248 [main] DEBUG o.s.w.s.m.m.a.RequestMappingHandlerMapping - 10 mappings in 'requestMappingHandlerMapping'
10:38:34.256 [main] INFO  o.s.b.a.w.s.WelcomePageHandlerMapping - Adding welcome page: class path resource [static/index.html]
10:38:34.327 [main] DEBUG o.s.w.s.h.SimpleUrlHandlerMapping - Patterns [/webjars/**, /**] in 'resourceHandlerMapping'
10:38:34.366 [main] DEBUG o.s.w.s.m.m.a.ExceptionHandlerExceptionResolver - ControllerAdvice beans: 1 @ExceptionHandler, 1 ResponseBodyAdvice
10:38:35.275 [main] INFO  o.s.s.web.DefaultSecurityFilterChain - Creating filter chain: any request, [org.springframework.security.web.context.request.async.WebAsyncManagerIntegrationFilter@2830315f, org.springframework.security.web.context.SecurityContextPersistenceFilter@ff1f465, org.springframework.security.web.header.HeaderWriterFilter@4fa91d5b, org.springframework.security.web.authentication.logout.LogoutFilter@69d2e517, org.springframework.security.web.authentication.www.BasicAuthenticationFilter@6afeaf2d, org.springframework.security.web.savedrequest.RequestCacheAwareFilter@31f7eb8, org.springframework.security.web.servletapi.SecurityContextHolderAwareRequestFilter@6f8ac8d5, org.springframework.security.web.authentication.AnonymousAuthenticationFilter@da22aa, org.springframework.security.web.session.SessionManagementFilter@7019d619, org.springframework.security.web.access.ExceptionTranslationFilter@58f7215c, org.springframework.security.web.access.intercept.FilterSecurityInterceptor@2f07930a]
10:38:35.370 [main] INFO  o.a.coyote.http11.Http11NioProtocol - Starting ProtocolHandler ["http-nio-8080"]
10:38:35.423 [main] INFO  o.s.b.w.e.tomcat.TomcatWebServer - Tomcat started on port(s): 8080 (http) with context path ''
10:38:35.428 [main] INFO  com.example.demo.DemoApplication - Started DemoApplication in 10.528 seconds (JVM running for 11.885)
10:39:13.353 [http-nio-8080-exec-1] INFO  o.a.c.c.C.[Tomcat].[localhost].[/] - Initializing Spring DispatcherServlet 'dispatcherServlet'
10:39:13.354 [http-nio-8080-exec-1] INFO  o.s.web.servlet.DispatcherServlet - Initializing Servlet 'dispatcherServlet'
10:39:13.354 [http-nio-8080-exec-1] DEBUG o.s.web.servlet.DispatcherServlet - Detected StandardServletMultipartResolver
10:39:13.372 [http-nio-8080-exec-1] DEBUG o.s.web.servlet.DispatcherServlet - enableLoggingRequestDetails='false': request parameters and headers will be masked to prevent unsafe logging of potentially sensitive data
10:39:13.374 [http-nio-8080-exec-1] INFO  o.s.web.servlet.DispatcherServlet - Completed initialization in 20 ms
10:39:13.832 [http-nio-8080-exec-1] DEBUG o.s.web.servlet.DispatcherServlet - PUT "/post/2", parameters={}
10:39:13.840 [http-nio-8080-exec-1] DEBUG o.s.w.s.m.m.a.RequestMappingHandlerMapping - Mapped to com.example.demo.rest.PostController#updatePost(String, PostRequestDto)
10:39:14.018 [http-nio-8080-exec-1] DEBUG o.s.w.s.m.m.a.RequestResponseBodyMethodProcessor - Read "application/json;charset=UTF-8" to [com.example.demo.dto.PostRequestDto@62899a21]
10:39:14.416 [http-nio-8080-exec-1] DEBUG o.s.w.s.m.m.a.ExceptionHandlerExceptionResolver - Using @ExceptionHandler com.example.demo.exceptions.CustomExceptionHandler#handleUserNotFoundException(DataNotFoundException)
10:39:14.450 [http-nio-8080-exec-1] DEBUG o.s.w.s.m.m.a.HttpEntityMethodProcessor - Using 'application/json', given [*/*] and supported [application/json, application/*+json, application/json, application/*+json]
10:39:14.452 [http-nio-8080-exec-1] DEBUG o.s.w.s.m.m.a.HttpEntityMethodProcessor - Writing [com.example.demo.exceptions.ErrorResponse@4eda69b]
10:39:14.499 [http-nio-8080-exec-1] DEBUG o.s.w.s.m.m.a.ExceptionHandlerExceptionResolver - Resolved [com.example.demo.exceptions.DataNotFoundException: Post not found for id 2]
10:39:14.500 [http-nio-8080-exec-1] DEBUG o.s.web.servlet.DispatcherServlet - Completed 404 NOT_FOUND
10:39:44.207 [http-nio-8080-exec-3] DEBUG o.s.web.servlet.DispatcherServlet - PUT "/post/2", parameters={}
10:39:44.208 [http-nio-8080-exec-3] DEBUG o.s.w.s.m.m.a.RequestMappingHandlerMapping - Mapped to com.example.demo.rest.PostController#updatePost(String, PostRequestDto)
10:39:44.210 [http-nio-8080-exec-3] DEBUG o.s.w.s.m.m.a.RequestResponseBodyMethodProcessor - Read "application/json;charset=UTF-8" to [com.example.demo.dto.PostRequestDto@2af4cac5]
10:39:44.362 [http-nio-8080-exec-3] DEBUG o.s.w.s.m.m.a.ExceptionHandlerExceptionResolver - Using @ExceptionHandler com.example.demo.exceptions.CustomExceptionHandler#handleUserNotFoundException(DataNotFoundException)
10:39:44.363 [http-nio-8080-exec-3] DEBUG o.s.w.s.m.m.a.HttpEntityMethodProcessor - Using 'application/json', given [*/*] and supported [application/json, application/*+json, application/json, application/*+json]
10:39:44.363 [http-nio-8080-exec-3] DEBUG o.s.w.s.m.m.a.HttpEntityMethodProcessor - Writing [com.example.demo.exceptions.ErrorResponse@2e0dd4be]
10:39:44.367 [http-nio-8080-exec-3] DEBUG o.s.w.s.m.m.a.ExceptionHandlerExceptionResolver - Resolved [com.example.demo.exceptions.DataNotFoundException: Post not found for id 2]
10:39:44.368 [http-nio-8080-exec-3] DEBUG o.s.web.servlet.DispatcherServlet - Completed 404 NOT_FOUND
10:39:56.735 [http-nio-8080-exec-4] DEBUG o.s.web.servlet.DispatcherServlet - PUT "/post/1", parameters={}
10:39:56.737 [http-nio-8080-exec-4] DEBUG o.s.w.s.m.m.a.RequestMappingHandlerMapping - Mapped to com.example.demo.rest.PostController#updatePost(String, PostRequestDto)
10:39:56.738 [http-nio-8080-exec-4] DEBUG o.s.w.s.m.m.a.RequestResponseBodyMethodProcessor - Read "application/json;charset=UTF-8" to [com.example.demo.dto.PostRequestDto@552759b1]
10:39:56.865 [http-nio-8080-exec-4] DEBUG o.s.w.s.m.m.a.ExceptionHandlerExceptionResolver - Using @ExceptionHandler com.example.demo.exceptions.CustomExceptionHandler#handleUserNotFoundException(DataNotFoundException)
10:39:56.866 [http-nio-8080-exec-4] DEBUG o.s.w.s.m.m.a.HttpEntityMethodProcessor - Using 'application/json', given [*/*] and supported [application/json, application/*+json, application/json, application/*+json]
10:39:56.866 [http-nio-8080-exec-4] DEBUG o.s.w.s.m.m.a.HttpEntityMethodProcessor - Writing [com.example.demo.exceptions.ErrorResponse@32752f02]
10:39:56.869 [http-nio-8080-exec-4] DEBUG o.s.w.s.m.m.a.ExceptionHandlerExceptionResolver - Resolved [com.example.demo.exceptions.DataNotFoundException: Post not found for id 2]
10:39:56.870 [http-nio-8080-exec-4] DEBUG o.s.web.servlet.DispatcherServlet - Completed 404 NOT_FOUND
10:45:40.897 [main] INFO  com.example.demo.DemoApplication - Starting DemoApplication on RILTP-7362 with PID 19808 (C:\Users\skurve\git\SpringBoot-JPA-Demo\demo\target\classes started by skurve in C:\Users\skurve\git\SpringBoot-JPA-Demo\demo)
10:45:40.903 [main] DEBUG com.example.demo.DemoApplication - Running with Spring Boot v2.2.6.RELEASE, Spring v5.2.5.RELEASE
10:45:40.904 [main] INFO  com.example.demo.DemoApplication - No active profile set, falling back to default profiles: default
10:45:42.010 [main] INFO  o.s.d.r.c.RepositoryConfigurationDelegate - Bootstrapping Spring Data JPA repositories in DEFAULT mode.
10:45:42.172 [main] INFO  o.s.d.r.c.RepositoryConfigurationDelegate - Finished Spring Data repository scanning in 149ms. Found 4 JPA repository interfaces.
10:45:43.699 [main] INFO  o.s.b.w.e.tomcat.TomcatWebServer - Tomcat initialized with port(s): 8080 (http)
10:45:43.711 [main] INFO  o.a.coyote.http11.Http11NioProtocol - Initializing ProtocolHandler ["http-nio-8080"]
10:45:43.711 [main] INFO  o.a.catalina.core.StandardService - Starting service [Tomcat]
10:45:43.712 [main] INFO  o.a.catalina.core.StandardEngine - Starting Servlet engine: [Apache Tomcat/9.0.33]
10:45:43.875 [main] INFO  o.a.c.c.C.[Tomcat].[localhost].[/] - Initializing Spring embedded WebApplicationContext
10:45:43.876 [main] DEBUG o.s.web.context.ContextLoader - Published root WebApplicationContext as ServletContext attribute with name [org.springframework.web.context.WebApplicationContext.ROOT]
10:45:43.876 [main] INFO  o.s.web.context.ContextLoader - Root WebApplicationContext: initialization completed in 2874 ms
10:45:43.911 [main] DEBUG o.s.b.w.s.ServletContextInitializerBeans - Mapping filters: springSecurityFilterChain urls=[/*] order=-100, characterEncodingFilter urls=[/*] order=-2147483648, formContentFilter urls=[/*] order=-9900, requestContextFilter urls=[/*] order=-105
10:45:43.913 [main] DEBUG o.s.b.w.s.ServletContextInitializerBeans - Mapping servlets: dispatcherServlet urls=[/]
10:45:44.276 [main] INFO  org.hibernate.Version - HHH000412: Hibernate ORM core version 5.4.12.Final
10:45:44.504 [main] INFO  o.h.annotations.common.Version - HCANN000001: Hibernate Commons Annotations {5.1.0.Final}
10:45:44.992 [main] INFO  org.hibernate.dialect.Dialect - HHH000400: Using dialect: org.hibernate.dialect.PostgreSQLDialect
10:45:46.184 [main] INFO  o.h.e.t.j.p.i.JtaPlatformInitiator - HHH000490: Using JtaPlatform implementation: [org.hibernate.engine.transaction.jta.platform.internal.NoJtaPlatform]
10:45:47.526 [main] INFO  o.s.s.c.ThreadPoolTaskExecutor - Initializing ExecutorService 'applicationTaskExecutor'
10:45:47.550 [main] DEBUG o.s.w.s.m.m.a.RequestMappingHandlerAdapter - ControllerAdvice beans: 0 @ModelAttribute, 0 @InitBinder, 1 RequestBodyAdvice, 1 ResponseBodyAdvice
10:45:47.662 [main] DEBUG o.s.w.s.m.m.a.RequestMappingHandlerMapping - 10 mappings in 'requestMappingHandlerMapping'
10:45:47.671 [main] INFO  o.s.b.a.w.s.WelcomePageHandlerMapping - Adding welcome page: class path resource [static/index.html]
10:45:47.712 [main] DEBUG o.s.w.s.h.SimpleUrlHandlerMapping - Patterns [/webjars/**, /**] in 'resourceHandlerMapping'
10:45:47.731 [main] DEBUG o.s.w.s.m.m.a.ExceptionHandlerExceptionResolver - ControllerAdvice beans: 1 @ExceptionHandler, 1 ResponseBodyAdvice
10:45:48.245 [main] INFO  o.s.s.web.DefaultSecurityFilterChain - Creating filter chain: any request, [org.springframework.security.web.context.request.async.WebAsyncManagerIntegrationFilter@da22aa, org.springframework.security.web.context.SecurityContextPersistenceFilter@3d88ce0e, org.springframework.security.web.header.HeaderWriterFilter@7ce30c0b, org.springframework.security.web.authentication.logout.LogoutFilter@1f9a7684, org.springframework.security.web.authentication.www.BasicAuthenticationFilter@365bfc5f, org.springframework.security.web.savedrequest.RequestCacheAwareFilter@4ad1a276, org.springframework.security.web.servletapi.SecurityContextHolderAwareRequestFilter@370225c7, org.springframework.security.web.authentication.AnonymousAuthenticationFilter@75452aea, org.springframework.security.web.session.SessionManagementFilter@2a5c6b76, org.springframework.security.web.access.ExceptionTranslationFilter@55638165, org.springframework.security.web.access.intercept.FilterSecurityInterceptor@580c17a0]
10:45:48.364 [main] INFO  o.a.coyote.http11.Http11NioProtocol - Starting ProtocolHandler ["http-nio-8080"]
10:45:48.404 [main] INFO  o.s.b.w.e.tomcat.TomcatWebServer - Tomcat started on port(s): 8080 (http) with context path ''
10:45:48.406 [main] INFO  com.example.demo.DemoApplication - Started DemoApplication in 8.034 seconds (JVM running for 9.26)
10:45:56.142 [http-nio-8080-exec-1] INFO  o.a.c.c.C.[Tomcat].[localhost].[/] - Initializing Spring DispatcherServlet 'dispatcherServlet'
10:45:56.144 [http-nio-8080-exec-1] INFO  o.s.web.servlet.DispatcherServlet - Initializing Servlet 'dispatcherServlet'
10:45:56.144 [http-nio-8080-exec-1] DEBUG o.s.web.servlet.DispatcherServlet - Detected StandardServletMultipartResolver
10:45:56.155 [http-nio-8080-exec-1] DEBUG o.s.web.servlet.DispatcherServlet - enableLoggingRequestDetails='false': request parameters and headers will be masked to prevent unsafe logging of potentially sensitive data
10:45:56.156 [http-nio-8080-exec-1] INFO  o.s.web.servlet.DispatcherServlet - Completed initialization in 12 ms
10:45:56.532 [http-nio-8080-exec-1] DEBUG o.s.web.servlet.DispatcherServlet - PUT "/post/2", parameters={}
10:45:56.543 [http-nio-8080-exec-1] DEBUG o.s.w.s.m.m.a.RequestMappingHandlerMapping - Mapped to com.example.demo.rest.PostController#updatePost(String, PostRequestDto)
10:45:56.830 [http-nio-8080-exec-1] DEBUG o.s.w.s.m.m.a.RequestResponseBodyMethodProcessor - Read "application/json;charset=UTF-8" to [com.example.demo.dto.PostRequestDto@38898e00]
10:45:57.415 [http-nio-8080-exec-1] WARN  o.h.e.jdbc.spi.SqlExceptionHelper - SQL Error: 0, SQLState: 23502
10:45:57.417 [http-nio-8080-exec-1] ERROR o.h.e.jdbc.spi.SqlExceptionHelper - ERROR: null value in column "user_id" violates not-null constraint
  Detail: Failing row contains (4, null, null, null).
10:45:57.431 [http-nio-8080-exec-1] DEBUG o.s.w.s.m.m.a.ExceptionHandlerExceptionResolver - Using @ExceptionHandler com.example.demo.exceptions.CustomExceptionHandler#handleAllExceptions(Exception)
10:45:57.457 [http-nio-8080-exec-1] DEBUG o.s.w.s.m.m.a.HttpEntityMethodProcessor - Using 'application/json', given [*/*] and supported [application/json, application/*+json, application/json, application/*+json]
10:45:57.458 [http-nio-8080-exec-1] DEBUG o.s.w.s.m.m.a.HttpEntityMethodProcessor - Writing [com.example.demo.exceptions.ErrorResponse@c8abc3a]
10:45:57.480 [http-nio-8080-exec-1] DEBUG o.s.w.s.m.m.a.ExceptionHandlerExceptionResolver - Resolved [org.springframework.dao.DataIntegrityViolationException: could not execute statement; SQL [n/a]; constraint [user_id]; nested exception is org.hibernate.exception.ConstraintViolationException: could not execute statement]
10:45:57.480 [http-nio-8080-exec-1] DEBUG o.s.web.servlet.DispatcherServlet - Completed 500 INTERNAL_SERVER_ERROR
10:48:54.386 [main] INFO  com.example.demo.DemoApplication - Starting DemoApplication on RILTP-7362 with PID 2400 (C:\Users\skurve\git\SpringBoot-JPA-Demo\demo\target\classes started by skurve in C:\Users\skurve\git\SpringBoot-JPA-Demo\demo)
10:48:54.390 [main] DEBUG com.example.demo.DemoApplication - Running with Spring Boot v2.2.6.RELEASE, Spring v5.2.5.RELEASE
10:48:54.391 [main] INFO  com.example.demo.DemoApplication - No active profile set, falling back to default profiles: default
10:48:55.484 [main] INFO  o.s.d.r.c.RepositoryConfigurationDelegate - Bootstrapping Spring Data JPA repositories in DEFAULT mode.
10:48:55.637 [main] INFO  o.s.d.r.c.RepositoryConfigurationDelegate - Finished Spring Data repository scanning in 139ms. Found 4 JPA repository interfaces.
10:48:57.177 [main] INFO  o.s.b.w.e.tomcat.TomcatWebServer - Tomcat initialized with port(s): 8080 (http)
10:48:57.187 [main] INFO  o.a.coyote.http11.Http11NioProtocol - Initializing ProtocolHandler ["http-nio-8080"]
10:48:57.188 [main] INFO  o.a.catalina.core.StandardService - Starting service [Tomcat]
10:48:57.189 [main] INFO  o.a.catalina.core.StandardEngine - Starting Servlet engine: [Apache Tomcat/9.0.33]
10:48:57.373 [main] INFO  o.a.c.c.C.[Tomcat].[localhost].[/] - Initializing Spring embedded WebApplicationContext
10:48:57.374 [main] DEBUG o.s.web.context.ContextLoader - Published root WebApplicationContext as ServletContext attribute with name [org.springframework.web.context.WebApplicationContext.ROOT]
10:48:57.375 [main] INFO  o.s.web.context.ContextLoader - Root WebApplicationContext: initialization completed in 2870 ms
10:48:57.427 [main] DEBUG o.s.b.w.s.ServletContextInitializerBeans - Mapping filters: springSecurityFilterChain urls=[/*] order=-100, characterEncodingFilter urls=[/*] order=-2147483648, formContentFilter urls=[/*] order=-9900, requestContextFilter urls=[/*] order=-105
10:48:57.427 [main] DEBUG o.s.b.w.s.ServletContextInitializerBeans - Mapping servlets: dispatcherServlet urls=[/]
10:48:57.784 [main] INFO  org.hibernate.Version - HHH000412: Hibernate ORM core version 5.4.12.Final
10:48:57.951 [main] INFO  o.h.annotations.common.Version - HCANN000001: Hibernate Commons Annotations {5.1.0.Final}
10:48:58.418 [main] INFO  org.hibernate.dialect.Dialect - HHH000400: Using dialect: org.hibernate.dialect.PostgreSQLDialect
10:48:59.610 [main] INFO  o.h.e.t.j.p.i.JtaPlatformInitiator - HHH000490: Using JtaPlatform implementation: [org.hibernate.engine.transaction.jta.platform.internal.NoJtaPlatform]
10:49:01.046 [main] INFO  o.s.s.c.ThreadPoolTaskExecutor - Initializing ExecutorService 'applicationTaskExecutor'
10:49:01.066 [main] DEBUG o.s.w.s.m.m.a.RequestMappingHandlerAdapter - ControllerAdvice beans: 0 @ModelAttribute, 0 @InitBinder, 1 RequestBodyAdvice, 1 ResponseBodyAdvice
10:49:01.191 [main] DEBUG o.s.w.s.m.m.a.RequestMappingHandlerMapping - 10 mappings in 'requestMappingHandlerMapping'
10:49:01.197 [main] INFO  o.s.b.a.w.s.WelcomePageHandlerMapping - Adding welcome page: class path resource [static/index.html]
10:49:01.238 [main] DEBUG o.s.w.s.h.SimpleUrlHandlerMapping - Patterns [/webjars/**, /**] in 'resourceHandlerMapping'
10:49:01.255 [main] DEBUG o.s.w.s.m.m.a.ExceptionHandlerExceptionResolver - ControllerAdvice beans: 1 @ExceptionHandler, 1 ResponseBodyAdvice
10:49:01.825 [main] INFO  o.s.s.web.DefaultSecurityFilterChain - Creating filter chain: any request, [org.springframework.security.web.context.request.async.WebAsyncManagerIntegrationFilter@7a3643e3, org.springframework.security.web.context.SecurityContextPersistenceFilter@5d6b42cf, org.springframework.security.web.header.HeaderWriterFilter@7019d619, org.springframework.security.web.authentication.logout.LogoutFilter@16cf7fd0, org.springframework.security.web.authentication.www.BasicAuthenticationFilter@75452aea, org.springframework.security.web.savedrequest.RequestCacheAwareFilter@370225c7, org.springframework.security.web.servletapi.SecurityContextHolderAwareRequestFilter@6fced25c, org.springframework.security.web.authentication.AnonymousAuthenticationFilter@2729bb71, org.springframework.security.web.session.SessionManagementFilter@49122853, org.springframework.security.web.access.ExceptionTranslationFilter@531ec2ca, org.springframework.security.web.access.intercept.FilterSecurityInterceptor@6463da36]
10:49:01.910 [main] INFO  o.a.coyote.http11.Http11NioProtocol - Starting ProtocolHandler ["http-nio-8080"]
10:49:01.946 [main] INFO  o.s.b.w.e.tomcat.TomcatWebServer - Tomcat started on port(s): 8080 (http) with context path ''
10:49:01.949 [main] INFO  com.example.demo.DemoApplication - Started DemoApplication in 8.095 seconds (JVM running for 9.312)
10:49:18.279 [http-nio-8080-exec-1] INFO  o.a.c.c.C.[Tomcat].[localhost].[/] - Initializing Spring DispatcherServlet 'dispatcherServlet'
10:49:18.279 [http-nio-8080-exec-1] INFO  o.s.web.servlet.DispatcherServlet - Initializing Servlet 'dispatcherServlet'
10:49:18.280 [http-nio-8080-exec-1] DEBUG o.s.web.servlet.DispatcherServlet - Detected StandardServletMultipartResolver
10:49:18.304 [http-nio-8080-exec-1] DEBUG o.s.web.servlet.DispatcherServlet - enableLoggingRequestDetails='false': request parameters and headers will be masked to prevent unsafe logging of potentially sensitive data
10:49:18.305 [http-nio-8080-exec-1] INFO  o.s.web.servlet.DispatcherServlet - Completed initialization in 25 ms
10:49:18.877 [http-nio-8080-exec-1] DEBUG o.s.web.servlet.DispatcherServlet - PUT "/post/2", parameters={}
10:49:18.887 [http-nio-8080-exec-1] DEBUG o.s.w.s.m.m.a.RequestMappingHandlerMapping - Mapped to com.example.demo.rest.PostController#updatePost(String, PostRequestDto)
10:49:19.111 [http-nio-8080-exec-1] DEBUG o.s.w.s.m.m.a.RequestResponseBodyMethodProcessor - Read "application/json;charset=UTF-8" to [com.example.demo.dto.PostRequestDto@6a4e38f8]
10:49:19.596 [http-nio-8080-exec-1] WARN  o.h.e.jdbc.spi.SqlExceptionHelper - SQL Error: 0, SQLState: 23502
10:49:19.599 [http-nio-8080-exec-1] ERROR o.h.e.jdbc.spi.SqlExceptionHelper - ERROR: null value in column "user_id" violates not-null constraint
  Detail: Failing row contains (5, null, null, null).
10:49:19.610 [http-nio-8080-exec-1] DEBUG o.s.w.s.m.m.a.ExceptionHandlerExceptionResolver - Using @ExceptionHandler com.example.demo.exceptions.CustomExceptionHandler#handleAllExceptions(Exception)
10:49:19.648 [http-nio-8080-exec-1] DEBUG o.s.w.s.m.m.a.HttpEntityMethodProcessor - Using 'application/json', given [*/*] and supported [application/json, application/*+json, application/json, application/*+json]
10:49:19.650 [http-nio-8080-exec-1] DEBUG o.s.w.s.m.m.a.HttpEntityMethodProcessor - Writing [com.example.demo.exceptions.ErrorResponse@6f5f9a4e]
10:49:19.680 [http-nio-8080-exec-1] DEBUG o.s.w.s.m.m.a.ExceptionHandlerExceptionResolver - Resolved [org.springframework.dao.DataIntegrityViolationException: could not execute statement; SQL [n/a]; constraint [user_id]; nested exception is org.hibernate.exception.ConstraintViolationException: could not execute statement]
10:49:19.681 [http-nio-8080-exec-1] DEBUG o.s.web.servlet.DispatcherServlet - Completed 500 INTERNAL_SERVER_ERROR
10:50:55.583 [main] INFO  com.example.demo.DemoApplication - Starting DemoApplication on RILTP-7362 with PID 1816 (C:\Users\skurve\git\SpringBoot-JPA-Demo\demo\target\classes started by skurve in C:\Users\skurve\git\SpringBoot-JPA-Demo\demo)
10:50:55.600 [main] DEBUG com.example.demo.DemoApplication - Running with Spring Boot v2.2.6.RELEASE, Spring v5.2.5.RELEASE
10:50:55.601 [main] INFO  com.example.demo.DemoApplication - No active profile set, falling back to default profiles: default
10:50:57.031 [main] INFO  o.s.d.r.c.RepositoryConfigurationDelegate - Bootstrapping Spring Data JPA repositories in DEFAULT mode.
10:50:57.250 [main] INFO  o.s.d.r.c.RepositoryConfigurationDelegate - Finished Spring Data repository scanning in 196ms. Found 4 JPA repository interfaces.
10:50:59.005 [main] INFO  o.s.b.w.e.tomcat.TomcatWebServer - Tomcat initialized with port(s): 8080 (http)
10:50:59.023 [main] INFO  o.a.coyote.http11.Http11NioProtocol - Initializing ProtocolHandler ["http-nio-8080"]
10:50:59.023 [main] INFO  o.a.catalina.core.StandardService - Starting service [Tomcat]
10:50:59.024 [main] INFO  o.a.catalina.core.StandardEngine - Starting Servlet engine: [Apache Tomcat/9.0.33]
10:50:59.259 [main] INFO  o.a.c.c.C.[Tomcat].[localhost].[/] - Initializing Spring embedded WebApplicationContext
10:50:59.260 [main] DEBUG o.s.web.context.ContextLoader - Published root WebApplicationContext as ServletContext attribute with name [org.springframework.web.context.WebApplicationContext.ROOT]
10:50:59.260 [main] INFO  o.s.web.context.ContextLoader - Root WebApplicationContext: initialization completed in 3531 ms
10:50:59.298 [main] DEBUG o.s.b.w.s.ServletContextInitializerBeans - Mapping filters: springSecurityFilterChain urls=[/*] order=-100, characterEncodingFilter urls=[/*] order=-2147483648, formContentFilter urls=[/*] order=-9900, requestContextFilter urls=[/*] order=-105
10:50:59.299 [main] DEBUG o.s.b.w.s.ServletContextInitializerBeans - Mapping servlets: dispatcherServlet urls=[/]
10:50:59.732 [main] INFO  org.hibernate.Version - HHH000412: Hibernate ORM core version 5.4.12.Final
10:50:59.960 [main] INFO  o.h.annotations.common.Version - HCANN000001: Hibernate Commons Annotations {5.1.0.Final}
10:51:00.593 [main] INFO  org.hibernate.dialect.Dialect - HHH000400: Using dialect: org.hibernate.dialect.PostgreSQLDialect
10:51:02.055 [main] INFO  o.h.e.t.j.p.i.JtaPlatformInitiator - HHH000490: Using JtaPlatform implementation: [org.hibernate.engine.transaction.jta.platform.internal.NoJtaPlatform]
10:51:03.701 [main] INFO  o.s.s.c.ThreadPoolTaskExecutor - Initializing ExecutorService 'applicationTaskExecutor'
10:51:03.723 [main] DEBUG o.s.w.s.m.m.a.RequestMappingHandlerAdapter - ControllerAdvice beans: 0 @ModelAttribute, 0 @InitBinder, 1 RequestBodyAdvice, 1 ResponseBodyAdvice
10:51:03.865 [main] DEBUG o.s.w.s.m.m.a.RequestMappingHandlerMapping - 10 mappings in 'requestMappingHandlerMapping'
10:51:03.872 [main] INFO  o.s.b.a.w.s.WelcomePageHandlerMapping - Adding welcome page: class path resource [static/index.html]
10:51:03.917 [main] DEBUG o.s.w.s.h.SimpleUrlHandlerMapping - Patterns [/webjars/**, /**] in 'resourceHandlerMapping'
10:51:03.953 [main] DEBUG o.s.w.s.m.m.a.ExceptionHandlerExceptionResolver - ControllerAdvice beans: 1 @ExceptionHandler, 1 ResponseBodyAdvice
10:51:04.523 [main] INFO  o.s.s.web.DefaultSecurityFilterChain - Creating filter chain: any request, [org.springframework.security.web.context.request.async.WebAsyncManagerIntegrationFilter@76eee0b1, org.springframework.security.web.context.SecurityContextPersistenceFilter@5a45c218, org.springframework.security.web.header.HeaderWriterFilter@31f9f9b3, org.springframework.security.web.authentication.logout.LogoutFilter@6b03c35c, org.springframework.security.web.authentication.www.BasicAuthenticationFilter@1e09c0b, org.springframework.security.web.savedrequest.RequestCacheAwareFilter@57ac236a, org.springframework.security.web.servletapi.SecurityContextHolderAwareRequestFilter@1a712f12, org.springframework.security.web.authentication.AnonymousAuthenticationFilter@2119b989, org.springframework.security.web.session.SessionManagementFilter@69f24965, org.springframework.security.web.access.ExceptionTranslationFilter@792b9dd3, org.springframework.security.web.access.intercept.FilterSecurityInterceptor@5b5a89d1]
10:51:04.598 [main] INFO  o.a.coyote.http11.Http11NioProtocol - Starting ProtocolHandler ["http-nio-8080"]
10:51:04.663 [main] INFO  o.s.b.w.e.tomcat.TomcatWebServer - Tomcat started on port(s): 8080 (http) with context path ''
10:51:04.667 [main] INFO  com.example.demo.DemoApplication - Started DemoApplication in 9.7 seconds (JVM running for 11.533)
10:51:28.818 [http-nio-8080-exec-1] INFO  o.a.c.c.C.[Tomcat].[localhost].[/] - Initializing Spring DispatcherServlet 'dispatcherServlet'
10:51:28.819 [http-nio-8080-exec-1] INFO  o.s.web.servlet.DispatcherServlet - Initializing Servlet 'dispatcherServlet'
10:51:28.819 [http-nio-8080-exec-1] DEBUG o.s.web.servlet.DispatcherServlet - Detected StandardServletMultipartResolver
10:51:28.839 [http-nio-8080-exec-1] DEBUG o.s.web.servlet.DispatcherServlet - enableLoggingRequestDetails='false': request parameters and headers will be masked to prevent unsafe logging of potentially sensitive data
10:51:28.840 [http-nio-8080-exec-1] INFO  o.s.web.servlet.DispatcherServlet - Completed initialization in 21 ms
10:51:29.403 [http-nio-8080-exec-1] DEBUG o.s.web.servlet.DispatcherServlet - PUT "/post/2", parameters={}
10:51:29.411 [http-nio-8080-exec-1] DEBUG o.s.w.s.m.m.a.RequestMappingHandlerMapping - Mapped to com.example.demo.rest.PostController#updatePost(String, PostRequestDto)
10:51:29.691 [http-nio-8080-exec-1] DEBUG o.s.w.s.m.m.a.RequestResponseBodyMethodProcessor - Read "application/json;charset=UTF-8" to [com.example.demo.dto.PostRequestDto@33fa5099]
11:01:36.562 [main] INFO  com.example.demo.DemoApplication - Starting DemoApplication on RILTP-7362 with PID 20936 (C:\Users\skurve\git\SpringBoot-JPA-Demo\demo\target\classes started by skurve in C:\Users\skurve\git\SpringBoot-JPA-Demo\demo)
11:01:36.567 [main] DEBUG com.example.demo.DemoApplication - Running with Spring Boot v2.2.6.RELEASE, Spring v5.2.5.RELEASE
11:01:36.569 [main] INFO  com.example.demo.DemoApplication - No active profile set, falling back to default profiles: default
11:01:37.775 [main] INFO  o.s.d.r.c.RepositoryConfigurationDelegate - Bootstrapping Spring Data JPA repositories in DEFAULT mode.
11:01:37.978 [main] INFO  o.s.d.r.c.RepositoryConfigurationDelegate - Finished Spring Data repository scanning in 182ms. Found 4 JPA repository interfaces.
11:01:39.400 [main] INFO  o.s.b.w.e.tomcat.TomcatWebServer - Tomcat initialized with port(s): 8080 (http)
11:01:39.410 [main] INFO  o.a.coyote.http11.Http11NioProtocol - Initializing ProtocolHandler ["http-nio-8080"]
11:01:39.411 [main] INFO  o.a.catalina.core.StandardService - Starting service [Tomcat]
11:01:39.411 [main] INFO  o.a.catalina.core.StandardEngine - Starting Servlet engine: [Apache Tomcat/9.0.33]
11:01:39.584 [main] INFO  o.a.c.c.C.[Tomcat].[localhost].[/] - Initializing Spring embedded WebApplicationContext
11:01:39.584 [main] DEBUG o.s.web.context.ContextLoader - Published root WebApplicationContext as ServletContext attribute with name [org.springframework.web.context.WebApplicationContext.ROOT]
11:01:39.585 [main] INFO  o.s.web.context.ContextLoader - Root WebApplicationContext: initialization completed in 2914 ms
11:01:39.635 [main] DEBUG o.s.b.w.s.ServletContextInitializerBeans - Mapping filters: springSecurityFilterChain urls=[/*] order=-100, characterEncodingFilter urls=[/*] order=-2147483648, formContentFilter urls=[/*] order=-9900, requestContextFilter urls=[/*] order=-105
11:01:39.636 [main] DEBUG o.s.b.w.s.ServletContextInitializerBeans - Mapping servlets: dispatcherServlet urls=[/]
11:01:39.992 [main] INFO  org.hibernate.Version - HHH000412: Hibernate ORM core version 5.4.12.Final
11:01:40.172 [main] INFO  o.h.annotations.common.Version - HCANN000001: Hibernate Commons Annotations {5.1.0.Final}
11:01:40.603 [main] INFO  org.hibernate.dialect.Dialect - HHH000400: Using dialect: org.hibernate.dialect.PostgreSQLDialect
11:01:41.807 [main] INFO  o.h.e.t.j.p.i.JtaPlatformInitiator - HHH000490: Using JtaPlatform implementation: [org.hibernate.engine.transaction.jta.platform.internal.NoJtaPlatform]
11:01:43.121 [main] INFO  o.s.s.c.ThreadPoolTaskExecutor - Initializing ExecutorService 'applicationTaskExecutor'
11:01:43.141 [main] DEBUG o.s.w.s.m.m.a.RequestMappingHandlerAdapter - ControllerAdvice beans: 0 @ModelAttribute, 0 @InitBinder, 1 RequestBodyAdvice, 1 ResponseBodyAdvice
11:01:43.296 [main] DEBUG o.s.w.s.m.m.a.RequestMappingHandlerMapping - 10 mappings in 'requestMappingHandlerMapping'
11:01:43.301 [main] INFO  o.s.b.a.w.s.WelcomePageHandlerMapping - Adding welcome page: class path resource [static/index.html]
11:01:43.349 [main] DEBUG o.s.w.s.h.SimpleUrlHandlerMapping - Patterns [/webjars/**, /**] in 'resourceHandlerMapping'
11:01:43.368 [main] DEBUG o.s.w.s.m.m.a.ExceptionHandlerExceptionResolver - ControllerAdvice beans: 1 @ExceptionHandler, 1 ResponseBodyAdvice
11:01:43.832 [main] INFO  o.s.s.web.DefaultSecurityFilterChain - Creating filter chain: any request, [org.springframework.security.web.context.request.async.WebAsyncManagerIntegrationFilter@2a631049, org.springframework.security.web.context.SecurityContextPersistenceFilter@6a4a2090, org.springframework.security.web.header.HeaderWriterFilter@4de91056, org.springframework.security.web.authentication.logout.LogoutFilter@618f627b, org.springframework.security.web.authentication.www.BasicAuthenticationFilter@14656be5, org.springframework.security.web.savedrequest.RequestCacheAwareFilter@b70fa38, org.springframework.security.web.servletapi.SecurityContextHolderAwareRequestFilter@5f0d8937, org.springframework.security.web.authentication.AnonymousAuthenticationFilter@425b5fe2, org.springframework.security.web.session.SessionManagementFilter@6113a26f, org.springframework.security.web.access.ExceptionTranslationFilter@3d71e10b, org.springframework.security.web.access.intercept.FilterSecurityInterceptor@6233c6c2]
11:01:43.915 [main] INFO  o.a.coyote.http11.Http11NioProtocol - Starting ProtocolHandler ["http-nio-8080"]
11:01:43.955 [main] INFO  o.s.b.w.e.tomcat.TomcatWebServer - Tomcat started on port(s): 8080 (http) with context path ''
11:01:43.958 [main] INFO  com.example.demo.DemoApplication - Started DemoApplication in 7.912 seconds (JVM running for 9.134)
11:02:02.922 [http-nio-8080-exec-2] INFO  o.a.c.c.C.[Tomcat].[localhost].[/] - Initializing Spring DispatcherServlet 'dispatcherServlet'
11:02:02.923 [http-nio-8080-exec-2] INFO  o.s.web.servlet.DispatcherServlet - Initializing Servlet 'dispatcherServlet'
11:02:02.924 [http-nio-8080-exec-2] DEBUG o.s.web.servlet.DispatcherServlet - Detected StandardServletMultipartResolver
11:02:02.954 [http-nio-8080-exec-2] DEBUG o.s.web.servlet.DispatcherServlet - enableLoggingRequestDetails='false': request parameters and headers will be masked to prevent unsafe logging of potentially sensitive data
11:02:02.955 [http-nio-8080-exec-2] INFO  o.s.web.servlet.DispatcherServlet - Completed initialization in 30 ms
11:02:03.491 [http-nio-8080-exec-2] DEBUG o.s.web.servlet.DispatcherServlet - PUT "/post/2", parameters={}
11:02:03.507 [http-nio-8080-exec-2] DEBUG o.s.w.s.m.m.a.RequestMappingHandlerMapping - Mapped to com.example.demo.rest.PostController#updatePost(String, PostRequestDto)
11:02:03.786 [http-nio-8080-exec-2] DEBUG o.s.w.s.m.m.a.RequestResponseBodyMethodProcessor - Read "application/json;charset=UTF-8" to [com.example.demo.dto.PostRequestDto@2777ae89]
11:02:04.550 [http-nio-8080-exec-2] WARN  o.h.e.jdbc.spi.SqlExceptionHelper - SQL Error: 0, SQLState: 23502
11:02:04.551 [http-nio-8080-exec-2] ERROR o.h.e.jdbc.spi.SqlExceptionHelper - ERROR: null value in column "user_id" violates not-null constraint
  Detail: Failing row contains (6, US, M, null).
11:02:04.568 [http-nio-8080-exec-2] DEBUG o.s.w.s.m.m.a.ExceptionHandlerExceptionResolver - Using @ExceptionHandler com.example.demo.exceptions.CustomExceptionHandler#handleAllExceptions(Exception)
11:02:04.633 [http-nio-8080-exec-2] DEBUG o.s.w.s.m.m.a.HttpEntityMethodProcessor - Using 'application/json', given [*/*] and supported [application/json, application/*+json, application/json, application/*+json]
11:02:04.635 [http-nio-8080-exec-2] DEBUG o.s.w.s.m.m.a.HttpEntityMethodProcessor - Writing [com.example.demo.exceptions.ErrorResponse@21f1e36d]
11:02:04.651 [http-nio-8080-exec-2] DEBUG o.s.w.s.m.m.a.ExceptionHandlerExceptionResolver - Resolved [org.springframework.dao.DataIntegrityViolationException: could not execute statement; SQL [n/a]; constraint [user_id]; nested exception is org.hibernate.exception.ConstraintViolationException: could not execute statement]
11:02:04.652 [http-nio-8080-exec-2] DEBUG o.s.web.servlet.DispatcherServlet - Completed 500 INTERNAL_SERVER_ERROR
11:13:05.137 [main] INFO  com.example.demo.DemoApplication - Starting DemoApplication on RILTP-7362 with PID 3344 (C:\Users\skurve\git\SpringBoot-JPA-Demo\demo\target\classes started by skurve in C:\Users\skurve\git\SpringBoot-JPA-Demo\demo)
11:13:05.152 [main] DEBUG com.example.demo.DemoApplication - Running with Spring Boot v2.2.6.RELEASE, Spring v5.2.5.RELEASE
11:13:05.155 [main] INFO  com.example.demo.DemoApplication - No active profile set, falling back to default profiles: default
11:13:06.383 [main] INFO  o.s.d.r.c.RepositoryConfigurationDelegate - Bootstrapping Spring Data JPA repositories in DEFAULT mode.
11:13:06.556 [main] INFO  o.s.d.r.c.RepositoryConfigurationDelegate - Finished Spring Data repository scanning in 157ms. Found 4 JPA repository interfaces.
11:13:08.361 [main] INFO  o.s.b.w.e.tomcat.TomcatWebServer - Tomcat initialized with port(s): 8080 (http)
11:13:08.374 [main] INFO  o.a.coyote.http11.Http11NioProtocol - Initializing ProtocolHandler ["http-nio-8080"]
11:13:08.374 [main] INFO  o.a.catalina.core.StandardService - Starting service [Tomcat]
11:13:08.375 [main] INFO  o.a.catalina.core.StandardEngine - Starting Servlet engine: [Apache Tomcat/9.0.33]
11:13:08.545 [main] INFO  o.a.c.c.C.[Tomcat].[localhost].[/] - Initializing Spring embedded WebApplicationContext
11:13:08.546 [main] DEBUG o.s.web.context.ContextLoader - Published root WebApplicationContext as ServletContext attribute with name [org.springframework.web.context.WebApplicationContext.ROOT]
11:13:08.547 [main] INFO  o.s.web.context.ContextLoader - Root WebApplicationContext: initialization completed in 3280 ms
11:13:08.616 [main] DEBUG o.s.b.w.s.ServletContextInitializerBeans - Mapping filters: springSecurityFilterChain urls=[/*] order=-100, characterEncodingFilter urls=[/*] order=-2147483648, formContentFilter urls=[/*] order=-9900, requestContextFilter urls=[/*] order=-105
11:13:08.627 [main] DEBUG o.s.b.w.s.ServletContextInitializerBeans - Mapping servlets: dispatcherServlet urls=[/]
11:13:09.168 [main] INFO  org.hibernate.Version - HHH000412: Hibernate ORM core version 5.4.12.Final
11:13:09.414 [main] INFO  o.h.annotations.common.Version - HCANN000001: Hibernate Commons Annotations {5.1.0.Final}
11:13:09.866 [main] INFO  org.hibernate.dialect.Dialect - HHH000400: Using dialect: org.hibernate.dialect.PostgreSQLDialect
11:13:11.275 [main] INFO  o.h.e.t.j.p.i.JtaPlatformInitiator - HHH000490: Using JtaPlatform implementation: [org.hibernate.engine.transaction.jta.platform.internal.NoJtaPlatform]
11:13:12.833 [main] INFO  o.s.s.c.ThreadPoolTaskExecutor - Initializing ExecutorService 'applicationTaskExecutor'
11:13:12.854 [main] DEBUG o.s.w.s.m.m.a.RequestMappingHandlerAdapter - ControllerAdvice beans: 0 @ModelAttribute, 0 @InitBinder, 1 RequestBodyAdvice, 1 ResponseBodyAdvice
11:13:13.050 [main] DEBUG o.s.w.s.m.m.a.RequestMappingHandlerMapping - 10 mappings in 'requestMappingHandlerMapping'
11:13:13.055 [main] INFO  o.s.b.a.w.s.WelcomePageHandlerMapping - Adding welcome page: class path resource [static/index.html]
11:13:13.099 [main] DEBUG o.s.w.s.h.SimpleUrlHandlerMapping - Patterns [/webjars/**, /**] in 'resourceHandlerMapping'
11:13:13.129 [main] DEBUG o.s.w.s.m.m.a.ExceptionHandlerExceptionResolver - ControllerAdvice beans: 1 @ExceptionHandler, 1 ResponseBodyAdvice
11:13:13.651 [main] INFO  o.s.s.web.DefaultSecurityFilterChain - Creating filter chain: any request, [org.springframework.security.web.context.request.async.WebAsyncManagerIntegrationFilter@257d3968, org.springframework.security.web.context.SecurityContextPersistenceFilter@41948c13, org.springframework.security.web.header.HeaderWriterFilter@22ed2886, org.springframework.security.web.authentication.logout.LogoutFilter@45c28c49, org.springframework.security.web.authentication.www.BasicAuthenticationFilter@10b5ff4d, org.springframework.security.web.savedrequest.RequestCacheAwareFilter@62264d4f, org.springframework.security.web.servletapi.SecurityContextHolderAwareRequestFilter@5a45c218, org.springframework.security.web.authentication.AnonymousAuthenticationFilter@23cfdfa2, org.springframework.security.web.session.SessionManagementFilter@52d01430, org.springframework.security.web.access.ExceptionTranslationFilter@5b643d6e, org.springframework.security.web.access.intercept.FilterSecurityInterceptor@468646ea]
11:13:13.775 [main] INFO  o.a.coyote.http11.Http11NioProtocol - Starting ProtocolHandler ["http-nio-8080"]
11:13:13.860 [main] INFO  o.s.b.w.e.tomcat.TomcatWebServer - Tomcat started on port(s): 8080 (http) with context path ''
11:13:13.869 [main] INFO  com.example.demo.DemoApplication - Started DemoApplication in 9.307 seconds (JVM running for 10.712)
11:14:32.274 [http-nio-8080-exec-1] INFO  o.a.c.c.C.[Tomcat].[localhost].[/] - Initializing Spring DispatcherServlet 'dispatcherServlet'
11:14:32.275 [http-nio-8080-exec-1] INFO  o.s.web.servlet.DispatcherServlet - Initializing Servlet 'dispatcherServlet'
11:14:32.276 [http-nio-8080-exec-1] DEBUG o.s.web.servlet.DispatcherServlet - Detected StandardServletMultipartResolver
11:14:32.294 [http-nio-8080-exec-1] DEBUG o.s.web.servlet.DispatcherServlet - enableLoggingRequestDetails='false': request parameters and headers will be masked to prevent unsafe logging of potentially sensitive data
11:14:32.295 [http-nio-8080-exec-1] INFO  o.s.web.servlet.DispatcherServlet - Completed initialization in 20 ms
11:14:32.790 [http-nio-8080-exec-1] DEBUG o.s.web.servlet.DispatcherServlet - PUT "/post/2", parameters={}
11:14:32.804 [http-nio-8080-exec-1] DEBUG o.s.w.s.m.m.a.RequestMappingHandlerMapping - Mapped to com.example.demo.rest.PostController#updatePost(String, PostRequestDto)
11:14:33.071 [http-nio-8080-exec-1] DEBUG o.s.w.s.m.m.a.RequestResponseBodyMethodProcessor - Read "application/json;charset=UTF-8" to [com.example.demo.dto.PostRequestDto@40fc0a83]
11:20:44.795 [main] INFO  com.example.demo.DemoApplication - Starting DemoApplication on RILTP-7362 with PID 14864 (C:\Users\skurve\git\SpringBoot-JPA-Demo\demo\target\classes started by skurve in C:\Users\skurve\git\SpringBoot-JPA-Demo\demo)
11:20:44.806 [main] DEBUG com.example.demo.DemoApplication - Running with Spring Boot v2.2.6.RELEASE, Spring v5.2.5.RELEASE
11:20:44.808 [main] INFO  com.example.demo.DemoApplication - No active profile set, falling back to default profiles: default
11:20:46.251 [main] INFO  o.s.d.r.c.RepositoryConfigurationDelegate - Bootstrapping Spring Data JPA repositories in DEFAULT mode.
11:20:46.466 [main] INFO  o.s.d.r.c.RepositoryConfigurationDelegate - Finished Spring Data repository scanning in 199ms. Found 4 JPA repository interfaces.
11:20:48.908 [main] INFO  o.s.b.w.e.tomcat.TomcatWebServer - Tomcat initialized with port(s): 8080 (http)
11:20:48.924 [main] INFO  o.a.coyote.http11.Http11NioProtocol - Initializing ProtocolHandler ["http-nio-8080"]
11:20:48.926 [main] INFO  o.a.catalina.core.StandardService - Starting service [Tomcat]
11:20:48.926 [main] INFO  o.a.catalina.core.StandardEngine - Starting Servlet engine: [Apache Tomcat/9.0.33]
11:20:49.202 [main] INFO  o.a.c.c.C.[Tomcat].[localhost].[/] - Initializing Spring embedded WebApplicationContext
11:20:49.203 [main] DEBUG o.s.web.context.ContextLoader - Published root WebApplicationContext as ServletContext attribute with name [org.springframework.web.context.WebApplicationContext.ROOT]
11:20:49.204 [main] INFO  o.s.web.context.ContextLoader - Root WebApplicationContext: initialization completed in 4285 ms
11:20:49.254 [main] DEBUG o.s.b.w.s.ServletContextInitializerBeans - Mapping filters: springSecurityFilterChain urls=[/*] order=-100, characterEncodingFilter urls=[/*] order=-2147483648, formContentFilter urls=[/*] order=-9900, requestContextFilter urls=[/*] order=-105
11:20:49.255 [main] DEBUG o.s.b.w.s.ServletContextInitializerBeans - Mapping servlets: dispatcherServlet urls=[/]
11:20:49.761 [main] INFO  org.hibernate.Version - HHH000412: Hibernate ORM core version 5.4.12.Final
11:20:50.059 [main] INFO  o.h.annotations.common.Version - HCANN000001: Hibernate Commons Annotations {5.1.0.Final}
11:20:50.542 [main] INFO  org.hibernate.dialect.Dialect - HHH000400: Using dialect: org.hibernate.dialect.PostgreSQLDialect
11:20:52.058 [main] INFO  o.h.e.t.j.p.i.JtaPlatformInitiator - HHH000490: Using JtaPlatform implementation: [org.hibernate.engine.transaction.jta.platform.internal.NoJtaPlatform]
11:20:53.792 [main] INFO  o.s.s.c.ThreadPoolTaskExecutor - Initializing ExecutorService 'applicationTaskExecutor'
11:20:53.826 [main] DEBUG o.s.w.s.m.m.a.RequestMappingHandlerAdapter - ControllerAdvice beans: 0 @ModelAttribute, 0 @InitBinder, 1 RequestBodyAdvice, 1 ResponseBodyAdvice
11:20:53.982 [main] DEBUG o.s.w.s.m.m.a.RequestMappingHandlerMapping - 10 mappings in 'requestMappingHandlerMapping'
11:20:53.987 [main] INFO  o.s.b.a.w.s.WelcomePageHandlerMapping - Adding welcome page: class path resource [static/index.html]
11:20:54.060 [main] DEBUG o.s.w.s.h.SimpleUrlHandlerMapping - Patterns [/webjars/**, /**] in 'resourceHandlerMapping'
11:20:54.096 [main] DEBUG o.s.w.s.m.m.a.ExceptionHandlerExceptionResolver - ControllerAdvice beans: 1 @ExceptionHandler, 1 ResponseBodyAdvice
11:20:54.711 [main] INFO  o.s.s.web.DefaultSecurityFilterChain - Creating filter chain: any request, [org.springframework.security.web.context.request.async.WebAsyncManagerIntegrationFilter@43e2b8da, org.springframework.security.web.context.SecurityContextPersistenceFilter@4b8cde43, org.springframework.security.web.header.HeaderWriterFilter@4700963e, org.springframework.security.web.authentication.logout.LogoutFilter@e0d9e3f, org.springframework.security.web.authentication.www.BasicAuthenticationFilter@23b087c3, org.springframework.security.web.savedrequest.RequestCacheAwareFilter@6f7c4e0, org.springframework.security.web.servletapi.SecurityContextHolderAwareRequestFilter@790d629a, org.springframework.security.web.authentication.AnonymousAuthenticationFilter@1ac68548, org.springframework.security.web.session.SessionManagementFilter@25a2f432, org.springframework.security.web.access.ExceptionTranslationFilter@42fd8f2f, org.springframework.security.web.access.intercept.FilterSecurityInterceptor@4840ec68]
11:20:54.798 [main] INFO  o.a.coyote.http11.Http11NioProtocol - Starting ProtocolHandler ["http-nio-8080"]
11:20:54.889 [main] INFO  o.s.b.w.e.tomcat.TomcatWebServer - Tomcat started on port(s): 8080 (http) with context path ''
11:20:54.895 [main] INFO  com.example.demo.DemoApplication - Started DemoApplication in 10.805 seconds (JVM running for 12.336)
11:21:07.569 [http-nio-8080-exec-2] INFO  o.a.c.c.C.[Tomcat].[localhost].[/] - Initializing Spring DispatcherServlet 'dispatcherServlet'
11:21:07.570 [http-nio-8080-exec-2] INFO  o.s.web.servlet.DispatcherServlet - Initializing Servlet 'dispatcherServlet'
11:21:07.578 [http-nio-8080-exec-2] DEBUG o.s.web.servlet.DispatcherServlet - Detected StandardServletMultipartResolver
11:21:07.649 [http-nio-8080-exec-2] DEBUG o.s.web.servlet.DispatcherServlet - enableLoggingRequestDetails='false': request parameters and headers will be masked to prevent unsafe logging of potentially sensitive data
11:21:07.650 [http-nio-8080-exec-2] INFO  o.s.web.servlet.DispatcherServlet - Completed initialization in 72 ms
11:21:07.990 [http-nio-8080-exec-2] DEBUG o.s.web.servlet.DispatcherServlet - PUT "/post/2", parameters={}
11:21:07.998 [http-nio-8080-exec-2] DEBUG o.s.w.s.m.m.a.RequestMappingHandlerMapping - Mapped to com.example.demo.rest.PostController#updatePost(String, PostRequestDto)
11:21:08.217 [http-nio-8080-exec-2] DEBUG o.s.w.s.m.m.a.RequestResponseBodyMethodProcessor - Read "application/json;charset=UTF-8" to [com.example.demo.dto.PostRequestDto@21342c3e]
12:06:28.675 [main] INFO  com.example.demo.DemoApplication - Starting DemoApplication on RILTP-7362 with PID 16400 (C:\Users\skurve\git\SpringBoot-JPA-Demo\demo\target\classes started by skurve in C:\Users\skurve\git\SpringBoot-JPA-Demo\demo)
12:06:28.683 [main] DEBUG com.example.demo.DemoApplication - Running with Spring Boot v2.2.6.RELEASE, Spring v5.2.5.RELEASE
12:06:28.684 [main] INFO  com.example.demo.DemoApplication - No active profile set, falling back to default profiles: default
12:06:30.186 [main] INFO  o.s.d.r.c.RepositoryConfigurationDelegate - Bootstrapping Spring Data JPA repositories in DEFAULT mode.
12:06:30.415 [main] INFO  o.s.d.r.c.RepositoryConfigurationDelegate - Finished Spring Data repository scanning in 209ms. Found 4 JPA repository interfaces.
12:06:32.157 [main] INFO  o.s.b.w.e.tomcat.TomcatWebServer - Tomcat initialized with port(s): 8080 (http)
12:06:32.171 [main] INFO  o.a.coyote.http11.Http11NioProtocol - Initializing ProtocolHandler ["http-nio-8080"]
12:06:32.172 [main] INFO  o.a.catalina.core.StandardService - Starting service [Tomcat]
12:06:32.172 [main] INFO  o.a.catalina.core.StandardEngine - Starting Servlet engine: [Apache Tomcat/9.0.33]
12:06:32.363 [main] INFO  o.a.c.c.C.[Tomcat].[localhost].[/] - Initializing Spring embedded WebApplicationContext
12:06:32.366 [main] DEBUG o.s.web.context.ContextLoader - Published root WebApplicationContext as ServletContext attribute with name [org.springframework.web.context.WebApplicationContext.ROOT]
12:06:32.367 [main] INFO  o.s.web.context.ContextLoader - Root WebApplicationContext: initialization completed in 3569 ms
12:06:32.422 [main] DEBUG o.s.b.w.s.ServletContextInitializerBeans - Mapping filters: springSecurityFilterChain urls=[/*] order=-100, characterEncodingFilter urls=[/*] order=-2147483648, formContentFilter urls=[/*] order=-9900, requestContextFilter urls=[/*] order=-105
12:06:32.426 [main] DEBUG o.s.b.w.s.ServletContextInitializerBeans - Mapping servlets: dispatcherServlet urls=[/]
12:06:32.814 [main] INFO  org.hibernate.Version - HHH000412: Hibernate ORM core version 5.4.12.Final
12:06:33.020 [main] INFO  o.h.annotations.common.Version - HCANN000001: Hibernate Commons Annotations {5.1.0.Final}
12:06:33.442 [main] INFO  org.hibernate.dialect.Dialect - HHH000400: Using dialect: org.hibernate.dialect.PostgreSQLDialect
12:06:34.859 [main] INFO  o.h.e.t.j.p.i.JtaPlatformInitiator - HHH000490: Using JtaPlatform implementation: [org.hibernate.engine.transaction.jta.platform.internal.NoJtaPlatform]
12:06:36.473 [main] INFO  o.s.s.c.ThreadPoolTaskExecutor - Initializing ExecutorService 'applicationTaskExecutor'
12:06:36.496 [main] DEBUG o.s.w.s.m.m.a.RequestMappingHandlerAdapter - ControllerAdvice beans: 0 @ModelAttribute, 0 @InitBinder, 1 RequestBodyAdvice, 1 ResponseBodyAdvice
12:06:36.635 [main] DEBUG o.s.w.s.m.m.a.RequestMappingHandlerMapping - 10 mappings in 'requestMappingHandlerMapping'
12:06:36.642 [main] INFO  o.s.b.a.w.s.WelcomePageHandlerMapping - Adding welcome page: class path resource [static/index.html]
12:06:36.691 [main] DEBUG o.s.w.s.h.SimpleUrlHandlerMapping - Patterns [/webjars/**, /**] in 'resourceHandlerMapping'
12:06:36.719 [main] DEBUG o.s.w.s.m.m.a.ExceptionHandlerExceptionResolver - ControllerAdvice beans: 1 @ExceptionHandler, 1 ResponseBodyAdvice
12:06:37.310 [main] INFO  o.s.s.web.DefaultSecurityFilterChain - Creating filter chain: any request, [org.springframework.security.web.context.request.async.WebAsyncManagerIntegrationFilter@396c1228, org.springframework.security.web.context.SecurityContextPersistenceFilter@448fa659, org.springframework.security.web.header.HeaderWriterFilter@2202c92f, org.springframework.security.web.authentication.logout.LogoutFilter@aca594d, org.springframework.security.web.authentication.www.BasicAuthenticationFilter@7c07023, org.springframework.security.web.savedrequest.RequestCacheAwareFilter@7c6fc278, org.springframework.security.web.servletapi.SecurityContextHolderAwareRequestFilter@27f31d91, org.springframework.security.web.authentication.AnonymousAuthenticationFilter@1701beb3, org.springframework.security.web.session.SessionManagementFilter@29c21acb, org.springframework.security.web.access.ExceptionTranslationFilter@5c20505f, org.springframework.security.web.access.intercept.FilterSecurityInterceptor@1018f702]
12:06:37.433 [main] INFO  o.a.coyote.http11.Http11NioProtocol - Starting ProtocolHandler ["http-nio-8080"]
12:06:37.513 [main] INFO  o.s.b.w.e.tomcat.TomcatWebServer - Tomcat started on port(s): 8080 (http) with context path ''
12:06:37.517 [main] INFO  com.example.demo.DemoApplication - Started DemoApplication in 9.439 seconds (JVM running for 10.913)
12:08:08.873 [http-nio-8080-exec-2] INFO  o.a.c.c.C.[Tomcat].[localhost].[/] - Initializing Spring DispatcherServlet 'dispatcherServlet'
12:08:08.874 [http-nio-8080-exec-2] INFO  o.s.web.servlet.DispatcherServlet - Initializing Servlet 'dispatcherServlet'
12:08:08.875 [http-nio-8080-exec-2] DEBUG o.s.web.servlet.DispatcherServlet - Detected StandardServletMultipartResolver
12:08:08.899 [http-nio-8080-exec-2] DEBUG o.s.web.servlet.DispatcherServlet - enableLoggingRequestDetails='false': request parameters and headers will be masked to prevent unsafe logging of potentially sensitive data
12:08:08.901 [http-nio-8080-exec-2] INFO  o.s.web.servlet.DispatcherServlet - Completed initialization in 26 ms
12:08:09.268 [http-nio-8080-exec-2] DEBUG o.s.web.servlet.DispatcherServlet - PUT "/post/2", parameters={}
12:08:09.279 [http-nio-8080-exec-2] DEBUG o.s.w.s.m.m.a.RequestMappingHandlerMapping - Mapped to com.example.demo.rest.PostController#updatePost(String, PostRequestDto)
12:08:09.503 [http-nio-8080-exec-2] DEBUG o.s.w.s.m.m.a.RequestResponseBodyMethodProcessor - Read "application/json;charset=UTF-8" to [com.example.demo.dto.PostRequestDto@3e629f44]
12:17:04.554 [main] INFO  com.example.demo.DemoApplication - Starting DemoApplication on RILTP-7362 with PID 10036 (C:\Users\skurve\git\SpringBoot-JPA-Demo\demo\target\classes started by skurve in C:\Users\skurve\git\SpringBoot-JPA-Demo\demo)
12:17:04.562 [main] DEBUG com.example.demo.DemoApplication - Running with Spring Boot v2.2.6.RELEASE, Spring v5.2.5.RELEASE
12:17:04.563 [main] INFO  com.example.demo.DemoApplication - No active profile set, falling back to default profiles: default
12:17:05.908 [main] INFO  o.s.d.r.c.RepositoryConfigurationDelegate - Bootstrapping Spring Data JPA repositories in DEFAULT mode.
12:17:06.145 [main] INFO  o.s.d.r.c.RepositoryConfigurationDelegate - Finished Spring Data repository scanning in 214ms. Found 4 JPA repository interfaces.
12:17:07.984 [main] INFO  o.s.b.w.e.tomcat.TomcatWebServer - Tomcat initialized with port(s): 8080 (http)
12:17:07.997 [main] INFO  o.a.coyote.http11.Http11NioProtocol - Initializing ProtocolHandler ["http-nio-8080"]
12:17:07.997 [main] INFO  o.a.catalina.core.StandardService - Starting service [Tomcat]
12:17:07.998 [main] INFO  o.a.catalina.core.StandardEngine - Starting Servlet engine: [Apache Tomcat/9.0.33]
12:17:08.216 [main] INFO  o.a.c.c.C.[Tomcat].[localhost].[/] - Initializing Spring embedded WebApplicationContext
12:17:08.216 [main] DEBUG o.s.web.context.ContextLoader - Published root WebApplicationContext as ServletContext attribute with name [org.springframework.web.context.WebApplicationContext.ROOT]
12:17:08.217 [main] INFO  o.s.web.context.ContextLoader - Root WebApplicationContext: initialization completed in 3526 ms
12:17:08.257 [main] DEBUG o.s.b.w.s.ServletContextInitializerBeans - Mapping filters: springSecurityFilterChain urls=[/*] order=-100, characterEncodingFilter urls=[/*] order=-2147483648, formContentFilter urls=[/*] order=-9900, requestContextFilter urls=[/*] order=-105
12:17:08.257 [main] DEBUG o.s.b.w.s.ServletContextInitializerBeans - Mapping servlets: dispatcherServlet urls=[/]
12:17:08.677 [main] INFO  org.hibernate.Version - HHH000412: Hibernate ORM core version 5.4.12.Final
12:17:08.983 [main] INFO  o.h.annotations.common.Version - HCANN000001: Hibernate Commons Annotations {5.1.0.Final}
12:17:09.421 [main] INFO  org.hibernate.dialect.Dialect - HHH000400: Using dialect: org.hibernate.dialect.PostgreSQLDialect
12:17:10.817 [main] INFO  o.h.e.t.j.p.i.JtaPlatformInitiator - HHH000490: Using JtaPlatform implementation: [org.hibernate.engine.transaction.jta.platform.internal.NoJtaPlatform]
12:17:12.340 [main] INFO  o.s.s.c.ThreadPoolTaskExecutor - Initializing ExecutorService 'applicationTaskExecutor'
12:17:12.367 [main] DEBUG o.s.w.s.m.m.a.RequestMappingHandlerAdapter - ControllerAdvice beans: 0 @ModelAttribute, 0 @InitBinder, 1 RequestBodyAdvice, 1 ResponseBodyAdvice
12:17:12.498 [main] DEBUG o.s.w.s.m.m.a.RequestMappingHandlerMapping - 10 mappings in 'requestMappingHandlerMapping'
12:17:12.505 [main] INFO  o.s.b.a.w.s.WelcomePageHandlerMapping - Adding welcome page: class path resource [static/index.html]
12:17:12.553 [main] DEBUG o.s.w.s.h.SimpleUrlHandlerMapping - Patterns [/webjars/**, /**] in 'resourceHandlerMapping'
12:17:12.574 [main] DEBUG o.s.w.s.m.m.a.ExceptionHandlerExceptionResolver - ControllerAdvice beans: 1 @ExceptionHandler, 1 ResponseBodyAdvice
12:17:13.272 [main] INFO  o.s.s.web.DefaultSecurityFilterChain - Creating filter chain: any request, [org.springframework.security.web.context.request.async.WebAsyncManagerIntegrationFilter@2c51c756, org.springframework.security.web.context.SecurityContextPersistenceFilter@35d8ba22, org.springframework.security.web.header.HeaderWriterFilter@4853f592, org.springframework.security.web.authentication.logout.LogoutFilter@4056cdb2, org.springframework.security.web.authentication.www.BasicAuthenticationFilter@31cddb11, org.springframework.security.web.savedrequest.RequestCacheAwareFilter@3c5bb37d, org.springframework.security.web.servletapi.SecurityContextHolderAwareRequestFilter@29ae2517, org.springframework.security.web.authentication.AnonymousAuthenticationFilter@4ef277ef, org.springframework.security.web.session.SessionManagementFilter@9715d26, org.springframework.security.web.access.ExceptionTranslationFilter@4e782401, org.springframework.security.web.access.intercept.FilterSecurityInterceptor@4fe3f9ef]
12:17:13.359 [main] INFO  o.a.coyote.http11.Http11NioProtocol - Starting ProtocolHandler ["http-nio-8080"]
12:17:13.436 [main] INFO  o.s.b.w.e.tomcat.TomcatWebServer - Tomcat started on port(s): 8080 (http) with context path ''
12:17:13.440 [main] INFO  com.example.demo.DemoApplication - Started DemoApplication in 9.466 seconds (JVM running for 10.898)
12:18:08.936 [http-nio-8080-exec-1] INFO  o.a.c.c.C.[Tomcat].[localhost].[/] - Initializing Spring DispatcherServlet 'dispatcherServlet'
12:18:08.936 [http-nio-8080-exec-1] INFO  o.s.web.servlet.DispatcherServlet - Initializing Servlet 'dispatcherServlet'
12:18:08.936 [http-nio-8080-exec-1] DEBUG o.s.web.servlet.DispatcherServlet - Detected StandardServletMultipartResolver
12:18:08.952 [http-nio-8080-exec-1] DEBUG o.s.web.servlet.DispatcherServlet - enableLoggingRequestDetails='false': request parameters and headers will be masked to prevent unsafe logging of potentially sensitive data
12:18:08.953 [http-nio-8080-exec-1] INFO  o.s.web.servlet.DispatcherServlet - Completed initialization in 17 ms
12:18:09.267 [http-nio-8080-exec-1] DEBUG o.s.web.servlet.DispatcherServlet - PUT "/post/2", parameters={}
12:18:09.275 [http-nio-8080-exec-1] DEBUG o.s.w.s.m.m.a.RequestMappingHandlerMapping - Mapped to com.example.demo.rest.PostController#updatePost(String, PostRequestDto)
12:18:09.472 [http-nio-8080-exec-1] DEBUG o.s.w.s.m.m.a.RequestResponseBodyMethodProcessor - Read "application/json;charset=UTF-8" to [com.example.demo.dto.PostRequestDto@63251c0a]
12:18:29.586 [http-nio-8080-exec-1] WARN  o.h.e.jdbc.spi.SqlExceptionHelper - SQL Error: 0, SQLState: 23502
12:18:29.587 [http-nio-8080-exec-1] ERROR o.h.e.jdbc.spi.SqlExceptionHelper - ERROR: null value in column "user_id" violates not-null constraint
  Detail: Failing row contains (7, US, M, null).
12:18:29.596 [http-nio-8080-exec-1] DEBUG o.s.w.s.m.m.a.ExceptionHandlerExceptionResolver - Using @ExceptionHandler com.example.demo.exceptions.CustomExceptionHandler#handleAllExceptions(Exception)
12:18:29.620 [http-nio-8080-exec-1] DEBUG o.s.w.s.m.m.a.HttpEntityMethodProcessor - Using 'application/json', given [*/*] and supported [application/json, application/*+json, application/json, application/*+json]
12:18:29.621 [http-nio-8080-exec-1] DEBUG o.s.w.s.m.m.a.HttpEntityMethodProcessor - Writing [com.example.demo.exceptions.ErrorResponse@629ac3fa]
12:18:29.636 [http-nio-8080-exec-1] DEBUG o.s.w.s.m.m.a.ExceptionHandlerExceptionResolver - Resolved [org.springframework.dao.DataIntegrityViolationException: could not execute statement; SQL [n/a]; constraint [user_id]; nested exception is org.hibernate.exception.ConstraintViolationException: could not execute statement]
12:18:29.638 [http-nio-8080-exec-1] DEBUG o.s.web.servlet.DispatcherServlet - Completed 500 INTERNAL_SERVER_ERROR
12:21:51.237 [main] INFO  com.example.demo.DemoApplication - Starting DemoApplication on RILTP-7362 with PID 11072 (C:\Users\skurve\git\SpringBoot-JPA-Demo\demo\target\classes started by skurve in C:\Users\skurve\git\SpringBoot-JPA-Demo\demo)
12:21:51.244 [main] DEBUG com.example.demo.DemoApplication - Running with Spring Boot v2.2.6.RELEASE, Spring v5.2.5.RELEASE
12:21:51.246 [main] INFO  com.example.demo.DemoApplication - No active profile set, falling back to default profiles: default
12:21:52.634 [main] INFO  o.s.d.r.c.RepositoryConfigurationDelegate - Bootstrapping Spring Data JPA repositories in DEFAULT mode.
12:21:52.943 [main] INFO  o.s.d.r.c.RepositoryConfigurationDelegate - Finished Spring Data repository scanning in 287ms. Found 4 JPA repository interfaces.
12:21:54.727 [main] INFO  o.s.b.w.e.tomcat.TomcatWebServer - Tomcat initialized with port(s): 8080 (http)
12:21:54.738 [main] INFO  o.a.coyote.http11.Http11NioProtocol - Initializing ProtocolHandler ["http-nio-8080"]
12:21:54.739 [main] INFO  o.a.catalina.core.StandardService - Starting service [Tomcat]
12:21:54.740 [main] INFO  o.a.catalina.core.StandardEngine - Starting Servlet engine: [Apache Tomcat/9.0.33]
12:21:54.955 [main] INFO  o.a.c.c.C.[Tomcat].[localhost].[/] - Initializing Spring embedded WebApplicationContext
12:21:54.956 [main] DEBUG o.s.web.context.ContextLoader - Published root WebApplicationContext as ServletContext attribute with name [org.springframework.web.context.WebApplicationContext.ROOT]
12:21:54.956 [main] INFO  o.s.web.context.ContextLoader - Root WebApplicationContext: initialization completed in 3578 ms
12:21:54.996 [main] DEBUG o.s.b.w.s.ServletContextInitializerBeans - Mapping filters: springSecurityFilterChain urls=[/*] order=-100, characterEncodingFilter urls=[/*] order=-2147483648, formContentFilter urls=[/*] order=-9900, requestContextFilter urls=[/*] order=-105
12:21:54.996 [main] DEBUG o.s.b.w.s.ServletContextInitializerBeans - Mapping servlets: dispatcherServlet urls=[/]
12:21:55.435 [main] INFO  org.hibernate.Version - HHH000412: Hibernate ORM core version 5.4.12.Final
12:21:55.720 [main] INFO  o.h.annotations.common.Version - HCANN000001: Hibernate Commons Annotations {5.1.0.Final}
12:21:56.342 [main] INFO  org.hibernate.dialect.Dialect - HHH000400: Using dialect: org.hibernate.dialect.PostgreSQLDialect
12:21:57.807 [main] INFO  o.h.e.t.j.p.i.JtaPlatformInitiator - HHH000490: Using JtaPlatform implementation: [org.hibernate.engine.transaction.jta.platform.internal.NoJtaPlatform]
12:21:59.460 [main] INFO  o.s.s.c.ThreadPoolTaskExecutor - Initializing ExecutorService 'applicationTaskExecutor'
12:21:59.485 [main] DEBUG o.s.w.s.m.m.a.RequestMappingHandlerAdapter - ControllerAdvice beans: 0 @ModelAttribute, 0 @InitBinder, 1 RequestBodyAdvice, 1 ResponseBodyAdvice
12:21:59.628 [main] DEBUG o.s.w.s.m.m.a.RequestMappingHandlerMapping - 10 mappings in 'requestMappingHandlerMapping'
12:21:59.636 [main] INFO  o.s.b.a.w.s.WelcomePageHandlerMapping - Adding welcome page: class path resource [static/index.html]
12:21:59.715 [main] DEBUG o.s.w.s.h.SimpleUrlHandlerMapping - Patterns [/webjars/**, /**] in 'resourceHandlerMapping'
12:21:59.746 [main] DEBUG o.s.w.s.m.m.a.ExceptionHandlerExceptionResolver - ControllerAdvice beans: 1 @ExceptionHandler, 1 ResponseBodyAdvice
12:22:00.423 [main] INFO  o.s.s.web.DefaultSecurityFilterChain - Creating filter chain: any request, [org.springframework.security.web.context.request.async.WebAsyncManagerIntegrationFilter@4a34de5e, org.springframework.security.web.context.SecurityContextPersistenceFilter@10ae002e, org.springframework.security.web.header.HeaderWriterFilter@1abea1ed, org.springframework.security.web.authentication.logout.LogoutFilter@270be080, org.springframework.security.web.authentication.www.BasicAuthenticationFilter@5570dc21, org.springframework.security.web.savedrequest.RequestCacheAwareFilter@5d449307, org.springframework.security.web.servletapi.SecurityContextHolderAwareRequestFilter@3fc051ce, org.springframework.security.web.authentication.AnonymousAuthenticationFilter@48da5106, org.springframework.security.web.session.SessionManagementFilter@3407ded1, org.springframework.security.web.access.ExceptionTranslationFilter@1a05ff8e, org.springframework.security.web.access.intercept.FilterSecurityInterceptor@4c599679]
12:22:00.536 [main] INFO  o.a.coyote.http11.Http11NioProtocol - Starting ProtocolHandler ["http-nio-8080"]
12:22:00.588 [main] INFO  o.s.b.w.e.tomcat.TomcatWebServer - Tomcat started on port(s): 8080 (http) with context path ''
12:22:00.594 [main] INFO  com.example.demo.DemoApplication - Started DemoApplication in 9.973 seconds (JVM running for 11.525)
12:22:08.517 [http-nio-8080-exec-2] INFO  o.a.c.c.C.[Tomcat].[localhost].[/] - Initializing Spring DispatcherServlet 'dispatcherServlet'
12:22:08.518 [http-nio-8080-exec-2] INFO  o.s.web.servlet.DispatcherServlet - Initializing Servlet 'dispatcherServlet'
12:22:08.519 [http-nio-8080-exec-2] DEBUG o.s.web.servlet.DispatcherServlet - Detected StandardServletMultipartResolver
12:22:08.536 [http-nio-8080-exec-2] DEBUG o.s.web.servlet.DispatcherServlet - enableLoggingRequestDetails='false': request parameters and headers will be masked to prevent unsafe logging of potentially sensitive data
12:22:08.536 [http-nio-8080-exec-2] INFO  o.s.web.servlet.DispatcherServlet - Completed initialization in 17 ms
12:22:08.788 [http-nio-8080-exec-2] DEBUG o.s.web.servlet.DispatcherServlet - PUT "/post/2", parameters={}
12:22:08.795 [http-nio-8080-exec-2] DEBUG o.s.w.s.m.m.a.RequestMappingHandlerMapping - Mapped to com.example.demo.rest.PostController#updatePost(String, PostRequestDto)
12:22:08.978 [http-nio-8080-exec-2] DEBUG o.s.w.s.m.m.a.RequestResponseBodyMethodProcessor - Read "application/json;charset=UTF-8" to [com.example.demo.dto.PostRequestDto@779effd5]
12:22:34.384 [http-nio-8080-exec-2] WARN  o.h.e.jdbc.spi.SqlExceptionHelper - SQL Error: 0, SQLState: 23502
12:22:34.385 [http-nio-8080-exec-2] ERROR o.h.e.jdbc.spi.SqlExceptionHelper - ERROR: null value in column "user_profile_id" violates not-null constraint
  Detail: Failing row contains (2, This is new post 2, Post 2, null).
12:22:34.394 [http-nio-8080-exec-2] DEBUG o.s.w.s.m.m.a.ExceptionHandlerExceptionResolver - Using @ExceptionHandler com.example.demo.exceptions.CustomExceptionHandler#handleAllExceptions(Exception)
12:22:34.422 [http-nio-8080-exec-2] DEBUG o.s.w.s.m.m.a.HttpEntityMethodProcessor - Using 'application/json', given [*/*] and supported [application/json, application/*+json, application/json, application/*+json]
12:22:34.423 [http-nio-8080-exec-2] DEBUG o.s.w.s.m.m.a.HttpEntityMethodProcessor - Writing [com.example.demo.exceptions.ErrorResponse@427014c4]
12:22:34.444 [http-nio-8080-exec-2] DEBUG o.s.w.s.m.m.a.ExceptionHandlerExceptionResolver - Resolved [org.springframework.dao.DataIntegrityViolationException: could not execute statement; SQL [n/a]; constraint [user_profile_id]; nested exception is org.hibernate.exception.ConstraintViolationException: could not execute statement]
12:22:34.445 [http-nio-8080-exec-2] DEBUG o.s.web.servlet.DispatcherServlet - Completed 500 INTERNAL_SERVER_ERROR
12:23:36.391 [http-nio-8080-exec-4] DEBUG o.s.web.servlet.DispatcherServlet - PUT "/post/2", parameters={}
12:23:36.393 [http-nio-8080-exec-4] DEBUG o.s.w.s.m.m.a.RequestMappingHandlerMapping - Mapped to com.example.demo.rest.PostController#updatePost(String, PostRequestDto)
12:23:36.394 [http-nio-8080-exec-4] DEBUG o.s.w.s.m.m.a.RequestResponseBodyMethodProcessor - Read "application/json;charset=UTF-8" to [com.example.demo.dto.PostRequestDto@5592a377]
12:24:12.214 [http-nio-8080-exec-4] WARN  o.h.e.jdbc.spi.SqlExceptionHelper - SQL Error: 0, SQLState: 23502
12:24:12.215 [http-nio-8080-exec-4] ERROR o.h.e.jdbc.spi.SqlExceptionHelper - ERROR: null value in column "user_profile_id" violates not-null constraint
  Detail: Failing row contains (2, This is new post 2, Post 2, null).
12:24:12.217 [http-nio-8080-exec-4] DEBUG o.s.w.s.m.m.a.ExceptionHandlerExceptionResolver - Using @ExceptionHandler com.example.demo.exceptions.CustomExceptionHandler#handleAllExceptions(Exception)
12:24:12.219 [http-nio-8080-exec-4] DEBUG o.s.w.s.m.m.a.HttpEntityMethodProcessor - Using 'application/json', given [*/*] and supported [application/json, application/*+json, application/json, application/*+json]
12:24:12.221 [http-nio-8080-exec-4] DEBUG o.s.w.s.m.m.a.HttpEntityMethodProcessor - Writing [com.example.demo.exceptions.ErrorResponse@3bf19f73]
12:24:12.223 [http-nio-8080-exec-4] DEBUG o.s.w.s.m.m.a.ExceptionHandlerExceptionResolver - Resolved [org.springframework.dao.DataIntegrityViolationException: could not execute statement; SQL [n/a]; constraint [user_profile_id]; nested exception is org.hibernate.exception.ConstraintViolationException: could not execute statement]
12:24:12.224 [http-nio-8080-exec-4] DEBUG o.s.web.servlet.DispatcherServlet - Completed 500 INTERNAL_SERVER_ERROR
12:31:09.220 [main] INFO  com.example.demo.DemoApplication - Starting DemoApplication on RILTP-7362 with PID 2656 (C:\Users\skurve\git\SpringBoot-JPA-Demo\demo\target\classes started by skurve in C:\Users\skurve\git\SpringBoot-JPA-Demo\demo)
12:31:09.228 [main] DEBUG com.example.demo.DemoApplication - Running with Spring Boot v2.2.6.RELEASE, Spring v5.2.5.RELEASE
12:31:09.229 [main] INFO  com.example.demo.DemoApplication - No active profile set, falling back to default profiles: default
12:31:20.721 [main] INFO  o.s.d.r.c.RepositoryConfigurationDelegate - Bootstrapping Spring Data JPA repositories in DEFAULT mode.
12:31:20.966 [main] INFO  o.s.d.r.c.RepositoryConfigurationDelegate - Finished Spring Data repository scanning in 223ms. Found 4 JPA repository interfaces.
12:31:22.648 [main] INFO  o.s.b.w.e.tomcat.TomcatWebServer - Tomcat initialized with port(s): 8080 (http)
12:31:22.660 [main] INFO  o.a.coyote.http11.Http11NioProtocol - Initializing ProtocolHandler ["http-nio-8080"]
12:31:22.660 [main] INFO  o.a.catalina.core.StandardService - Starting service [Tomcat]
12:31:22.661 [main] INFO  o.a.catalina.core.StandardEngine - Starting Servlet engine: [Apache Tomcat/9.0.33]
12:31:23.073 [main] INFO  o.a.c.c.C.[Tomcat].[localhost].[/] - Initializing Spring embedded WebApplicationContext
12:31:23.074 [main] DEBUG o.s.web.context.ContextLoader - Published root WebApplicationContext as ServletContext attribute with name [org.springframework.web.context.WebApplicationContext.ROOT]
12:31:23.074 [main] INFO  o.s.web.context.ContextLoader - Root WebApplicationContext: initialization completed in 13732 ms
12:31:23.117 [main] DEBUG o.s.b.w.s.ServletContextInitializerBeans - Mapping filters: springSecurityFilterChain urls=[/*] order=-100, characterEncodingFilter urls=[/*] order=-2147483648, formContentFilter urls=[/*] order=-9900, requestContextFilter urls=[/*] order=-105
12:31:23.118 [main] DEBUG o.s.b.w.s.ServletContextInitializerBeans - Mapping servlets: dispatcherServlet urls=[/]
12:31:23.646 [main] INFO  org.hibernate.Version - HHH000412: Hibernate ORM core version 5.4.12.Final
12:31:24.019 [main] INFO  o.h.annotations.common.Version - HCANN000001: Hibernate Commons Annotations {5.1.0.Final}
12:31:24.714 [main] INFO  org.hibernate.dialect.Dialect - HHH000400: Using dialect: org.hibernate.dialect.PostgreSQLDialect
12:31:26.219 [main] INFO  o.h.e.t.j.p.i.JtaPlatformInitiator - HHH000490: Using JtaPlatform implementation: [org.hibernate.engine.transaction.jta.platform.internal.NoJtaPlatform]
12:31:28.488 [main] INFO  o.s.s.c.ThreadPoolTaskExecutor - Initializing ExecutorService 'applicationTaskExecutor'
12:31:28.516 [main] DEBUG o.s.w.s.m.m.a.RequestMappingHandlerAdapter - ControllerAdvice beans: 0 @ModelAttribute, 0 @InitBinder, 1 RequestBodyAdvice, 1 ResponseBodyAdvice
12:31:28.803 [main] DEBUG o.s.w.s.m.m.a.RequestMappingHandlerMapping - 10 mappings in 'requestMappingHandlerMapping'
12:31:28.810 [main] INFO  o.s.b.a.w.s.WelcomePageHandlerMapping - Adding welcome page: class path resource [static/index.html]
12:31:28.893 [main] DEBUG o.s.w.s.h.SimpleUrlHandlerMapping - Patterns [/webjars/**, /**] in 'resourceHandlerMapping'
12:31:28.936 [main] DEBUG o.s.w.s.m.m.a.ExceptionHandlerExceptionResolver - ControllerAdvice beans: 1 @ExceptionHandler, 1 ResponseBodyAdvice
12:31:29.820 [main] INFO  o.s.s.web.DefaultSecurityFilterChain - Creating filter chain: any request, [org.springframework.security.web.context.request.async.WebAsyncManagerIntegrationFilter@37fd496a, org.springframework.security.web.context.SecurityContextPersistenceFilter@1a06b95, org.springframework.security.web.header.HeaderWriterFilter@410f1452, org.springframework.security.web.authentication.logout.LogoutFilter@47b494ce, org.springframework.security.web.authentication.www.BasicAuthenticationFilter@1e0c898c, org.springframework.security.web.savedrequest.RequestCacheAwareFilter@49ee3b8d, org.springframework.security.web.servletapi.SecurityContextHolderAwareRequestFilter@2526d5f9, org.springframework.security.web.authentication.AnonymousAuthenticationFilter@6c4e486e, org.springframework.security.web.session.SessionManagementFilter@70f8d217, org.springframework.security.web.access.ExceptionTranslationFilter@31aa9b01, org.springframework.security.web.access.intercept.FilterSecurityInterceptor@75d95b67]
12:31:29.928 [main] INFO  o.a.coyote.http11.Http11NioProtocol - Starting ProtocolHandler ["http-nio-8080"]
12:31:30.114 [main] INFO  o.s.b.w.e.tomcat.TomcatWebServer - Tomcat started on port(s): 8080 (http) with context path ''
12:31:30.148 [main] INFO  com.example.demo.DemoApplication - Started DemoApplication in 21.522 seconds (JVM running for 23.136)
12:31:31.357 [http-nio-8080-exec-2] INFO  o.a.c.c.C.[Tomcat].[localhost].[/] - Initializing Spring DispatcherServlet 'dispatcherServlet'
12:31:31.357 [http-nio-8080-exec-2] INFO  o.s.web.servlet.DispatcherServlet - Initializing Servlet 'dispatcherServlet'
12:31:31.358 [http-nio-8080-exec-2] DEBUG o.s.web.servlet.DispatcherServlet - Detected StandardServletMultipartResolver
12:31:31.372 [http-nio-8080-exec-2] DEBUG o.s.web.servlet.DispatcherServlet - enableLoggingRequestDetails='false': request parameters and headers will be masked to prevent unsafe logging of potentially sensitive data
12:31:31.372 [http-nio-8080-exec-2] INFO  o.s.web.servlet.DispatcherServlet - Completed initialization in 14 ms
12:31:31.692 [http-nio-8080-exec-2] DEBUG o.s.web.servlet.DispatcherServlet - PUT "/post/2", parameters={}
12:31:31.704 [http-nio-8080-exec-2] DEBUG o.s.w.s.m.m.a.RequestMappingHandlerMapping - Mapped to com.example.demo.rest.PostController#updatePost(String, PostRequestDto)
12:31:31.935 [http-nio-8080-exec-2] DEBUG o.s.w.s.m.m.a.RequestResponseBodyMethodProcessor - Read "application/json;charset=UTF-8" to [com.example.demo.dto.PostRequestDto@ebb3dd8]
12:31:46.691 [http-nio-8080-exec-2] DEBUG o.s.w.s.m.m.a.HttpEntityMethodProcessor - No match for [*/*], supported: []
12:31:46.693 [http-nio-8080-exec-2] DEBUG o.s.web.servlet.DispatcherServlet - Completed 200 OK
12:32:36.841 [http-nio-8080-exec-3] DEBUG o.s.web.servlet.DispatcherServlet - PUT "/post/1", parameters={}
12:32:36.843 [http-nio-8080-exec-3] DEBUG o.s.w.s.m.m.a.RequestMappingHandlerMapping - Mapped to com.example.demo.rest.PostController#updatePost(String, PostRequestDto)
12:32:36.844 [http-nio-8080-exec-3] DEBUG o.s.w.s.m.m.a.RequestResponseBodyMethodProcessor - Read "application/json;charset=UTF-8" to [com.example.demo.dto.PostRequestDto@55fcb9ef]
12:32:40.894 [http-nio-8080-exec-3] DEBUG o.s.w.s.m.m.a.HttpEntityMethodProcessor - No match for [*/*], supported: []
12:32:40.895 [http-nio-8080-exec-3] DEBUG o.s.web.servlet.DispatcherServlet - Completed 200 OK
